TN:
SF:handler.js
FN:9,getUserEmail
FN:32,logNotification
FN:50,handleOrderCreated
FN:84,anonymous_3
FN:119,handleOrderConfirmed
FN:152,anonymous_5
FN:174,handleSqsEvent
FN:193,handler
FNDA:6,getUserEmail
FNDA:6,logNotification
FNDA:7,handleOrderCreated
FNDA:1,anonymous_3
FNDA:5,handleOrderConfirmed
FNDA:1,anonymous_5
FNDA:13,handleSqsEvent
FNDA:17,handler
FNF:8
FNH:8
BRDA:1,0,0,1
BRDA:9,1,0,6
BRDA:10,2,0,3
BRDA:20,3,0,3
BRDA:23,4,0,0
BRDA:26,5,0,3
BRDA:32,6,0,6
BRDA:37,7,0,0
BRDA:45,8,0,0
BRDA:50,9,0,7
BRDA:53,10,0,6
BRDA:53,11,0,1
BRDA:56,12,0,6
BRDA:72,13,0,5
BRDA:74,14,0,1
BRDA:78,15,0,1
BRDA:81,16,0,4
BRDA:84,17,0,3
BRDA:87,18,0,1
BRDA:87,19,0,1
BRDA:92,20,0,0
BRDA:96,21,0,4
BRDA:110,22,0,2
BRDA:84,23,0,1
BRDA:119,24,0,5
BRDA:122,25,0,1
BRDA:125,26,0,4
BRDA:140,27,0,3
BRDA:142,28,0,1
BRDA:146,29,0,1
BRDA:149,30,0,2
BRDA:152,31,0,1
BRDA:164,32,0,2
BRDA:165,33,0,1
BRDA:152,34,0,1
BRDA:174,35,0,13
BRDA:176,36,0,0
BRDA:177,37,0,12
BRDA:178,38,0,12
BRDA:178,39,0,0
BRDA:182,40,0,7
BRDA:184,41,0,4
BRDA:185,42,0,5
BRDA:187,43,0,3
BRDA:189,44,0,7
BRDA:193,45,0,17
BRDA:196,46,0,2
BRDA:196,47,0,15
BRDA:198,48,0,13
BRDA:198,49,0,13
BRDA:198,50,0,13
BRDA:199,51,0,7
BRDA:201,52,0,2
BRDA:205,53,0,8
BRDA:208,54,0,6
BRDA:208,55,0,6
BRF:56
BRH:50
DA:1,1
DA:2,1
DA:3,1
DA:4,1
DA:5,1
DA:6,1
DA:7,1
DA:8,1
DA:9,1
DA:10,6
DA:11,3
DA:12,3
DA:13,3
DA:14,3
DA:15,3
DA:16,3
DA:17,3
DA:18,3
DA:19,6
DA:20,6
DA:21,3
DA:22,3
DA:23,3
DA:24,0
DA:25,6
DA:26,6
DA:27,3
DA:28,3
DA:29,3
DA:30,1
DA:31,1
DA:32,1
DA:33,6
DA:34,6
DA:35,6
DA:36,6
DA:37,6
DA:38,6
DA:39,6
DA:40,6
DA:41,6
DA:42,6
DA:43,6
DA:44,6
DA:45,6
DA:46,0
DA:47,0
DA:48,1
DA:49,1
DA:50,1
DA:51,7
DA:52,7
DA:53,7
DA:54,1
DA:55,1
DA:56,1
DA:57,6
DA:58,6
DA:59,6
DA:60,6
DA:61,6
DA:62,6
DA:63,6
DA:64,6
DA:65,6
DA:66,6
DA:67,6
DA:68,6
DA:69,6
DA:70,6
DA:71,6
DA:72,6
DA:73,5
DA:74,7
DA:75,1
DA:76,1
DA:77,1
DA:78,7
DA:79,1
DA:80,1
DA:81,1
DA:82,4
DA:83,4
DA:84,7
DA:85,7
DA:86,7
DA:87,7
DA:88,1
DA:89,1
DA:90,1
DA:91,1
DA:92,1
DA:93,1
DA:94,1
DA:95,1
DA:96,1
DA:97,4
DA:98,4
DA:99,4
DA:100,4
DA:101,4
DA:102,4
DA:103,4
DA:104,4
DA:105,4
DA:106,4
DA:107,4
DA:108,4
DA:109,4
DA:110,7
DA:111,2
DA:112,2
DA:113,2
DA:114,2
DA:115,2
DA:116,2
DA:117,1
DA:118,1
DA:119,1
DA:120,5
DA:121,5
DA:122,5
DA:123,1
DA:124,1
DA:125,1
DA:126,4
DA:127,4
DA:128,4
DA:129,4
DA:130,4
DA:131,4
DA:132,4
DA:133,4
DA:134,4
DA:135,4
DA:136,4
DA:137,4
DA:138,4
DA:139,4
DA:140,4
DA:141,3
DA:142,5
DA:143,1
DA:144,1
DA:145,1
DA:146,5
DA:147,1
DA:148,1
DA:149,1
DA:150,2
DA:151,2
DA:152,5
DA:153,5
DA:154,5
DA:155,5
DA:156,5
DA:157,5
DA:158,5
DA:159,5
DA:160,5
DA:161,5
DA:162,5
DA:163,5
DA:164,5
DA:165,5
DA:166,1
DA:167,1
DA:168,1
DA:169,1
DA:170,1
DA:171,1
DA:172,1
DA:173,1
DA:174,1
DA:175,13
DA:176,13
DA:177,13
DA:178,13
DA:179,13
DA:180,13
DA:181,13
DA:182,13
DA:183,7
DA:184,7
DA:185,13
DA:186,5
DA:187,5
DA:188,13
DA:189,13
DA:190,1
DA:191,1
DA:192,1
DA:193,1
DA:194,17
DA:195,17
DA:196,17
DA:197,15
DA:198,17
DA:199,13
DA:200,7
DA:201,17
DA:202,2
DA:203,2
DA:204,2
DA:205,17
DA:206,8
DA:207,8
DA:208,8
DA:209,8
DA:210,1
LH:207
LF:210
end_of_record
SF:src\dynamodb.js
FNF:0
FNH:0
BRDA:1,0,0,1
BRF:1
BRH:1
DA:1,1
DA:2,1
DA:3,1
DA:4,1
DA:5,1
DA:6,1
DA:7,1
DA:8,1
DA:9,1
DA:10,1
LH:10
LF:10
end_of_record
SF:src\logger.js
FN:2,info
FN:3,warn
FN:4,error
FNDA:32,info
FNDA:9,warn
FNDA:16,error
FNF:3
FNH:3
BRDA:1,0,0,1
BRDA:2,1,0,32
BRDA:3,2,0,9
BRDA:4,3,0,16
BRF:4
BRH:4
DA:1,1
DA:2,1
DA:3,1
DA:4,1
DA:5,1
LH:5
LF:5
end_of_record
SF:src\mailer.js
FN:4,sendEmail
FNDA:6,sendEmail
FNF:1
FNH:1
BRDA:1,0,0,1
BRDA:4,1,0,6
BRDA:5,2,0,1
BRDA:8,3,0,5
BRDA:11,4,0,4
BRDA:11,5,0,1
BRDA:14,6,0,4
BRDA:37,7,0,3
BRDA:40,8,0,1
BRF:9
BRH:9
DA:1,1
DA:2,1
DA:3,1
DA:4,1
DA:5,6
DA:6,1
DA:7,1
DA:8,1
DA:9,5
DA:10,5
DA:11,6
DA:12,1
DA:13,1
DA:14,1
DA:15,4
DA:16,4
DA:17,4
DA:18,4
DA:19,4
DA:20,4
DA:21,4
DA:22,4
DA:23,4
DA:24,4
DA:25,4
DA:26,4
DA:27,4
DA:28,4
DA:29,4
DA:30,4
DA:31,4
DA:32,6
DA:33,6
DA:34,6
DA:35,6
DA:36,6
DA:37,6
DA:38,3
DA:39,3
DA:40,6
DA:41,1
DA:42,1
DA:43,1
DA:44,1
LH:44
LF:44
end_of_record
