TN:
SF:app.js
FN:5,handler
FNDA:28,handler
FNF:1
FNH:1
BRDA:1,0,0,1
BRDA:5,1,0,28
BRDA:7,2,0,13
BRDA:7,3,0,13
BRDA:7,4,0,13
BRDA:10,5,0,15
BRDA:13,6,0,1
BRDA:13,7,0,1
BRDA:13,8,0,14
BRDA:16,9,0,1
BRF:10
BRH:10
DA:1,1
DA:2,1
DA:3,1
DA:4,1
DA:5,1
DA:6,28
DA:7,28
DA:8,13
DA:9,13
DA:10,28
DA:11,15
DA:12,15
DA:13,28
DA:14,14
DA:15,14
DA:16,14
DA:17,1
DA:18,1
DA:19,1
DA:20,1
DA:21,1
LH:21
LF:21
end_of_record
SF:src\config\aws.js
FNF:0
FNH:0
BRDA:1,0,0,1
BRF:1
BRH:1
DA:1,1
DA:2,1
DA:3,1
DA:4,1
DA:5,1
DA:6,1
DA:7,1
DA:8,1
DA:9,1
DA:10,1
DA:11,1
LH:11
LF:11
end_of_record
SF:src\controllers\analytics_controller.js
FN:7,handleApiRequest
FN:22,handleSqsEvent
FNDA:12,handleApiRequest
FNDA:13,handleSqsEvent
FNF:2
FNH:2
BRDA:1,0,0,1
BRDA:7,1,0,12
BRDA:8,2,0,0
BRDA:10,3,0,1
BRDA:10,4,0,11
BRDA:11,5,0,1
BRDA:11,6,0,10
BRDA:12,7,0,1
BRDA:12,8,0,9
BRDA:13,9,0,1
BRDA:13,10,0,8
BRDA:14,11,0,1
BRDA:14,12,0,7
BRDA:15,13,0,1
BRDA:15,14,0,6
BRDA:16,15,0,1
BRDA:16,16,0,5
BRDA:17,17,0,4
BRDA:17,18,0,1
BRDA:22,19,0,13
BRDA:28,20,0,0
BRDA:34,21,0,0
BRDA:35,22,0,1
BRDA:38,23,0,12
BRDA:39,24,0,11
BRDA:40,25,0,1
BRDA:43,26,0,1
BRF:27
BRH:24
DA:1,1
DA:2,1
DA:3,1
DA:4,1
DA:5,1
DA:6,1
DA:7,1
DA:8,12
DA:9,12
DA:10,12
DA:11,12
DA:12,12
DA:13,12
DA:14,12
DA:15,12
DA:16,12
DA:17,12
DA:18,1
DA:19,1
DA:20,1
DA:21,1
DA:22,1
DA:23,13
DA:24,13
DA:25,13
DA:26,13
DA:27,13
DA:28,13
DA:29,13
DA:30,13
DA:31,13
DA:32,13
DA:33,13
DA:34,13
DA:35,13
DA:36,13
DA:37,13
DA:38,13
DA:39,12
DA:40,13
DA:41,1
DA:42,1
DA:43,13
DA:44,1
DA:45,1
DA:46,13
DA:47,1
LH:47
LF:47
end_of_record
SF:src\handlers\api_handler.js
FN:5,handler
FNDA:14,handler
FNF:1
FNH:1
BRDA:1,0,0,1
BRDA:5,1,0,14
BRDA:9,2,0,0
BRDA:9,3,0,0
BRDA:10,4,0,0
BRDA:10,5,0,0
BRDA:12,6,0,1
BRDA:14,7,0,13
BRDA:16,8,0,1
BRDA:16,9,0,1
BRDA:18,10,0,12
BRDA:22,11,0,11
BRDA:24,12,0,1
BRDA:27,13,0,0
BRF:14
BRH:9
DA:1,1
DA:2,1
DA:3,1
DA:4,1
DA:5,1
DA:6,14
DA:7,14
DA:8,14
DA:9,14
DA:10,14
DA:11,14
DA:12,14
DA:13,1
DA:14,1
DA:15,13
DA:16,14
DA:17,1
DA:18,1
DA:19,12
DA:20,12
DA:21,12
DA:22,14
DA:23,11
DA:24,11
DA:25,1
DA:26,1
DA:27,14
DA:28,0
DA:29,0
DA:30,0
DA:31,1
LH:28
LF:31
end_of_record
SF:src\handlers\sqs_handler.js
FN:4,handler
FNDA:13,handler
FNF:1
FNH:1
BRDA:1,0,0,1
BRDA:4,1,0,13
BRDA:8,2,0,0
BRDA:15,3,0,0
BRF:4
BRH:2
DA:1,1
DA:2,1
DA:3,1
DA:4,1
DA:5,13
DA:6,13
DA:7,13
DA:8,13
DA:9,0
DA:10,0
DA:11,13
DA:12,13
DA:13,13
DA:14,13
DA:15,13
DA:16,0
DA:17,0
DA:18,0
DA:19,1
LH:14
LF:19
end_of_record
SF:src\models\analytics_model.js
FN:1,getDefaultDashboard
FNDA:1,getDefaultDashboard
FNF:1
FNH:1
BRDA:1,0,0,1
BRDA:1,1,0,1
BRF:2
BRH:2
DA:1,1
DA:2,1
DA:3,1
DA:4,1
DA:5,1
DA:6,1
DA:7,1
DA:8,1
DA:9,1
DA:10,1
DA:11,1
DA:12,1
DA:13,1
DA:14,1
DA:15,1
DA:16,1
DA:17,1
DA:18,1
DA:19,1
LH:19
LF:19
end_of_record
SF:src\repositories\analytics_repository.js
FN:6,getItem
FN:14,putItem
FN:21,updateItem
FN:36,incrementCounter
FN:44,anonymous_4
FN:61,query
FN:79,scan
FNDA:2,getItem
FNDA:0,putItem
FNDA:0,updateItem
FNDA:14,incrementCounter
FNDA:20,anonymous_4
FNDA:5,query
FNDA:0,scan
FNF:7
FNH:4
BRDA:1,0,0,1
BRDA:6,1,0,2
BRDA:36,2,0,14
BRDA:38,3,0,0
BRDA:58,4,0,13
BRDA:44,5,0,20
BRDA:61,6,0,5
BRDA:70,7,0,0
BRDA:76,8,0,3
BRF:9
BRH:7
DA:1,1
DA:2,1
DA:3,1
DA:4,1
DA:5,1
DA:6,1
DA:7,2
DA:8,2
DA:9,2
DA:10,2
DA:11,2
DA:12,1
DA:13,1
DA:14,1
DA:15,0
DA:16,0
DA:17,0
DA:18,0
DA:19,1
DA:20,1
DA:21,1
DA:22,0
DA:23,0
DA:24,0
DA:25,0
DA:26,0
DA:27,0
DA:28,0
DA:29,0
DA:30,0
DA:31,0
DA:32,0
DA:33,0
DA:34,1
DA:35,1
DA:36,1
DA:37,14
DA:38,14
DA:39,14
DA:40,14
DA:41,14
DA:42,14
DA:43,14
DA:44,14
DA:45,20
DA:46,20
DA:47,20
DA:48,14
DA:49,14
DA:50,14
DA:51,14
DA:52,14
DA:53,14
DA:54,14
DA:55,14
DA:56,14
DA:57,14
DA:58,14
DA:59,1
DA:60,1
DA:61,1
DA:62,5
DA:63,5
DA:64,5
DA:65,5
DA:66,5
DA:67,5
DA:68,5
DA:69,5
DA:70,5
DA:71,0
DA:72,0
DA:73,0
DA:74,5
DA:75,5
DA:76,5
DA:77,1
DA:78,1
DA:79,1
DA:80,0
DA:81,0
DA:82,0
DA:83,0
DA:84,1
LH:61
LF:84
end_of_record
SF:src\services\analytics_service.js
FN:9,getDashboard
FN:14,getRevenue
FN:15,getOrders
FN:16,getProducts
FN:17,getCustomers
FN:18,getInventory
FN:19,getPayments
FN:21,updateDashboardCounters
FN:25,updateSales
FN:34,processEvent
FN:85,generateDetailedReport
FN:105,fetchServiceData
FN:145,anonymous_12
FN:155,anonymous_13
FN:157,anonymous_14
FN:169,anonymous_15
FN:184,anonymous_16
FN:201,anonymous_17
FN:207,anonymous_18
FN:208,anonymous_19
FN:214,anonymous_20
FN:221,anonymous_21
FN:222,anonymous_22
FN:235,anonymous_23
FN:243,anonymous_24
FN:245,anonymous_25
FN:258,anonymous_26
FN:260,anonymous_27
FN:270,anonymous_28
FN:277,anonymous_29
FNDA:2,getDashboard
FNDA:1,getRevenue
FNDA:1,getOrders
FNDA:1,getProducts
FNDA:1,getCustomers
FNDA:1,getInventory
FNDA:1,getPayments
FNDA:11,updateDashboardCounters
FNDA:1,updateSales
FNDA:12,processEvent
FNDA:4,generateDetailedReport
FNDA:20,fetchServiceData
FNDA:1,anonymous_12
FNDA:1,anonymous_13
FNDA:1,anonymous_14
FNDA:3,anonymous_15
FNDA:2,anonymous_16
FNDA:1,anonymous_17
FNDA:0,anonymous_18
FNDA:1,anonymous_19
FNDA:1,anonymous_20
FNDA:0,anonymous_21
FNDA:1,anonymous_22
FNDA:1,anonymous_23
FNDA:1,anonymous_24
FNDA:1,anonymous_25
FNDA:0,anonymous_26
FNDA:1,anonymous_27
FNDA:3,anonymous_28
FNDA:6,anonymous_29
FNF:30
FNH:27
BRDA:1,0,0,1
BRDA:9,1,0,2
BRDA:11,2,0,1
BRDA:14,3,0,1
BRDA:15,4,0,1
BRDA:16,5,0,1
BRDA:17,6,0,1
BRDA:18,7,0,1
BRDA:19,8,0,1
BRDA:21,9,0,11
BRDA:22,10,0,10
BRDA:25,11,0,1
BRDA:34,12,0,12
BRDA:39,13,0,2
BRDA:40,14,0,1
BRDA:42,15,0,1
BRDA:45,16,0,1
BRDA:48,17,0,1
BRDA:51,18,0,1
BRDA:54,19,0,1
BRDA:59,20,0,1
BRDA:62,21,0,1
BRDA:67,22,0,2
BRDA:71,23,0,0
BRDA:76,24,0,1
BRDA:78,25,0,11
BRDA:79,26,0,1
BRDA:85,27,0,4
BRDA:137,28,0,2
BRDA:142,29,0,2
BRDA:153,30,0,2
BRDA:165,31,0,2
BRDA:179,32,0,2
BRDA:199,33,0,2
BRDA:212,34,0,2
BRDA:229,35,0,2
BRDA:268,36,0,2
BRDA:280,37,0,0
BRDA:105,38,0,20
BRDA:106,39,0,0
BRDA:113,40,0,15
BRDA:114,41,0,10
BRDA:117,42,0,5
BRDA:117,43,0,5
BRDA:117,44,0,0
BRDA:118,45,0,5
BRDA:145,46,0,1
BRDA:146,47,0,0
BRDA:155,48,0,1
BRDA:155,49,0,0
BRDA:157,50,0,1
BRDA:158,51,0,0
BRDA:169,52,0,3
BRDA:170,53,0,1
BRDA:171,54,0,1
BRDA:171,55,0,2
BRDA:172,56,0,1
BRDA:184,57,0,2
BRDA:185,58,0,0
BRDA:186,59,0,1
BRDA:186,60,0,1
BRDA:186,61,0,1
BRDA:188,62,0,0
BRDA:189,63,0,1
BRDA:189,64,0,0
BRDA:201,65,0,1
BRDA:202,66,0,0
BRDA:204,67,0,0
BRDA:208,68,0,1
BRDA:214,69,0,1
BRDA:215,70,0,0
BRDA:222,71,0,1
BRDA:235,72,0,1
BRDA:243,73,0,1
BRDA:244,74,0,0
BRDA:245,75,0,1
BRDA:246,76,0,0
BRDA:246,77,0,0
BRDA:247,78,0,0
BRDA:248,79,0,0
BRDA:249,80,0,0
BRDA:251,81,0,0
BRDA:251,82,0,0
BRDA:260,83,0,1
BRDA:262,84,0,0
BRDA:270,85,0,3
BRDA:271,86,0,1
BRDA:272,87,0,1
BRDA:272,88,0,2
BRDA:273,89,0,1
BRDA:277,90,0,6
BRF:91
BRH:69
DA:1,1
DA:2,1
DA:3,1
DA:4,1
DA:5,1
DA:6,1
DA:7,1
DA:8,1
DA:9,1
DA:10,2
DA:11,2
DA:12,1
DA:13,1
DA:14,1
DA:15,1
DA:16,1
DA:17,1
DA:18,1
DA:19,1
DA:20,1
DA:21,1
DA:22,11
DA:23,1
DA:24,1
DA:25,1
DA:26,1
DA:27,1
DA:28,1
DA:29,1
DA:30,1
DA:31,1
DA:32,1
DA:33,1
DA:34,1
DA:35,12
DA:36,12
DA:37,12
DA:38,12
DA:39,12
DA:40,2
DA:41,1
DA:42,12
DA:43,1
DA:44,1
DA:45,12
DA:46,1
DA:47,1
DA:48,12
DA:49,1
DA:50,1
DA:51,12
DA:52,1
DA:53,1
DA:54,12
DA:55,1
DA:56,1
DA:57,1
DA:58,1
DA:59,12
DA:60,1
DA:61,1
DA:62,12
DA:63,1
DA:64,1
DA:65,1
DA:66,1
DA:67,12
DA:68,2
DA:69,2
DA:70,2
DA:71,2
DA:72,0
DA:73,0
DA:74,0
DA:75,2
DA:76,12
DA:77,1
DA:78,12
DA:79,12
DA:80,1
DA:81,1
DA:82,1
DA:83,1
DA:84,1
DA:85,1
DA:86,4
DA:87,4
DA:88,4
DA:89,4
DA:90,4
DA:91,4
DA:92,4
DA:93,4
DA:94,4
DA:95,4
DA:96,4
DA:97,4
DA:98,4
DA:99,4
DA:100,4
DA:101,4
DA:102,4
DA:103,4
DA:104,4
DA:105,4
DA:106,20
DA:107,20
DA:108,20
DA:109,20
DA:110,20
DA:111,20
DA:112,20
DA:113,20
DA:114,20
DA:115,10
DA:116,10
DA:117,10
DA:118,10
DA:119,5
DA:120,5
DA:121,5
DA:122,5
DA:123,5
DA:124,5
DA:125,4
DA:126,4
DA:127,4
DA:128,4
DA:129,4
DA:130,4
DA:131,4
DA:132,4
DA:133,4
DA:134,4
DA:135,4
DA:136,4
DA:137,4
DA:138,2
DA:139,2
DA:140,4
DA:141,4
DA:142,4
DA:143,2
DA:144,2
DA:145,2
DA:146,1
DA:147,1
DA:148,2
DA:149,2
DA:150,2
DA:151,4
DA:152,4
DA:153,4
DA:154,2
DA:155,2
DA:156,2
DA:157,2
DA:158,1
DA:159,1
DA:160,2
DA:161,2
DA:162,2
DA:163,4
DA:164,4
DA:165,4
DA:166,2
DA:167,2
DA:168,2
DA:169,2
DA:170,3
DA:171,3
DA:172,2
DA:173,2
DA:174,2
DA:175,2
DA:176,2
DA:177,4
DA:178,4
DA:179,4
DA:180,2
DA:181,2
DA:182,2
DA:183,2
DA:184,2
DA:185,2
DA:186,2
DA:187,1
DA:188,1
DA:189,2
DA:190,1
DA:191,1
DA:192,2
DA:193,2
DA:194,2
DA:195,2
DA:196,2
DA:197,4
DA:198,4
DA:199,4
DA:200,2
DA:201,2
DA:202,1
DA:203,1
DA:204,1
DA:205,2
DA:206,2
DA:207,2
DA:208,2
DA:209,2
DA:210,4
DA:211,4
DA:212,4
DA:213,2
DA:214,2
DA:215,1
DA:216,1
DA:217,1
DA:218,2
DA:219,2
DA:220,2
DA:221,2
DA:222,2
DA:223,1
DA:224,1
DA:225,2
DA:226,2
DA:227,4
DA:228,4
DA:229,4
DA:230,2
DA:231,2
DA:232,2
DA:233,2
DA:234,2
DA:235,2
DA:236,1
DA:237,1
DA:238,1
DA:239,1
DA:240,2
DA:241,2
DA:242,2
DA:243,2
DA:244,1
DA:245,1
DA:246,1
DA:247,1
DA:248,1
DA:249,1
DA:250,1
DA:251,1
DA:252,0
DA:253,0
DA:254,1
DA:255,2
DA:256,2
DA:257,2
DA:258,2
DA:259,2
DA:260,2
DA:261,1
DA:262,1
DA:263,1
DA:264,2
DA:265,2
DA:266,4
DA:267,4
DA:268,4
DA:269,2
DA:270,2
DA:271,3
DA:272,3
DA:273,2
DA:274,1
DA:275,2
DA:276,2
DA:277,2
DA:278,2
DA:279,4
DA:280,4
DA:281,0
DA:282,0
DA:283,4
DA:284,4
DA:285,1
LH:278
LF:285
end_of_record
SF:src\utils\constants.js
FNF:0
FNH:0
BRDA:1,0,0,1
BRF:1
BRH:1
DA:1,1
DA:2,1
DA:3,1
DA:4,1
DA:5,1
DA:6,1
DA:7,1
DA:8,1
DA:9,1
DA:10,1
DA:11,1
DA:12,1
DA:13,1
DA:14,1
DA:15,1
DA:16,1
DA:17,1
DA:18,1
DA:19,1
DA:20,1
DA:21,1
DA:22,1
DA:23,1
DA:24,1
DA:25,1
DA:26,1
DA:27,1
DA:28,1
LH:28
LF:28
end_of_record
SF:src\utils\logger.js
FN:2,info
FN:5,error
FN:8,warn
FN:11,debug
FNDA:70,info
FNDA:7,error
FNDA:7,warn
FNDA:1,debug
FNF:4
FNH:4
BRDA:1,0,0,1
BRDA:2,1,0,70
BRDA:5,2,0,7
BRDA:8,3,0,7
BRDA:11,4,0,1
BRDA:12,5,0,0
BRF:6
BRH:5
DA:1,1
DA:2,1
DA:3,70
DA:4,1
DA:5,1
DA:6,7
DA:7,1
DA:8,1
DA:9,7
DA:10,1
DA:11,1
DA:12,1
DA:13,0
DA:14,0
DA:15,1
DA:16,1
LH:14
LF:16
end_of_record
SF:src\utils\response.js
FN:1,createResponse
FNDA:14,createResponse
FNF:1
FNH:1
BRDA:1,0,0,1
BRDA:1,1,0,14
BRF:2
BRH:2
DA:1,1
DA:2,14
DA:3,14
DA:4,14
DA:5,14
DA:6,14
DA:7,14
DA:8,14
DA:9,14
DA:10,1
LH:10
LF:10
end_of_record
