TN:
SF:app.js
FN:5,handler
FNDA:7,handler
FNF:1
FNH:1
BRDA:1,0,0,1
BRDA:5,1,0,7
BRDA:7,2,0,2
BRDA:7,3,0,2
BRDA:7,4,0,2
BRDA:10,5,0,5
BRDA:13,6,0,0
BRDA:13,7,0,0
BRDA:13,8,0,5
BRDA:16,9,0,0
BRF:10
BRH:7
DA:1,1
DA:2,1
DA:3,1
DA:4,1
DA:5,1
DA:6,7
DA:7,7
DA:8,2
DA:9,2
DA:10,7
DA:11,5
DA:12,5
DA:13,7
DA:14,5
DA:15,5
DA:16,5
DA:17,0
DA:18,0
DA:19,0
DA:20,0
DA:21,1
LH:17
LF:21
end_of_record
SF:src\config\aws.js
FNF:0
FNH:0
BRDA:1,0,0,1
BRF:1
BRH:1
DA:1,1
DA:2,1
DA:3,1
DA:4,1
DA:5,1
DA:6,1
DA:7,1
DA:8,1
DA:9,1
DA:10,1
DA:11,1
LH:11
LF:11
end_of_record
SF:src\controllers\analytics_controller.js
FN:7,handleApiRequest
FN:22,handleSqsEvent
FNDA:3,handleApiRequest
FNDA:2,handleSqsEvent
FNF:2
FNH:2
BRDA:1,0,0,1
BRDA:7,1,0,3
BRDA:8,2,0,0
BRDA:10,3,0,0
BRDA:11,4,0,1
BRDA:11,5,0,2
BRDA:12,6,0,0
BRDA:12,7,0,2
BRDA:13,8,0,1
BRDA:14,9,0,0
BRDA:14,10,0,1
BRDA:15,11,0,0
BRDA:15,12,0,1
BRDA:16,13,0,0
BRDA:16,14,0,1
BRDA:17,15,0,0
BRDA:17,16,0,1
BRDA:22,17,0,2
BRDA:28,18,0,0
BRDA:34,19,0,0
BRDA:35,20,0,0
BRDA:40,21,0,0
BRDA:43,22,0,0
BRF:23
BRH:11
DA:1,1
DA:2,1
DA:3,1
DA:4,1
DA:5,1
DA:6,1
DA:7,1
DA:8,3
DA:9,3
DA:10,3
DA:11,3
DA:12,3
DA:13,3
DA:14,3
DA:15,3
DA:16,3
DA:17,3
DA:18,1
DA:19,1
DA:20,1
DA:21,1
DA:22,1
DA:23,2
DA:24,2
DA:25,2
DA:26,2
DA:27,2
DA:28,2
DA:29,2
DA:30,2
DA:31,2
DA:32,2
DA:33,2
DA:34,2
DA:35,2
DA:36,2
DA:37,2
DA:38,2
DA:39,2
DA:40,2
DA:41,0
DA:42,0
DA:43,2
DA:44,0
DA:45,0
DA:46,2
DA:47,1
LH:43
LF:47
end_of_record
SF:src\handlers\api_handler.js
FN:5,handler
FNDA:5,handler
FNF:1
FNH:1
BRDA:1,0,0,1
BRDA:5,1,0,5
BRDA:9,2,0,0
BRDA:9,3,0,0
BRDA:10,4,0,0
BRDA:10,5,0,0
BRDA:12,6,0,1
BRDA:14,7,0,4
BRDA:16,8,0,1
BRDA:16,9,0,1
BRDA:18,10,0,3
BRDA:22,11,0,2
BRDA:24,12,0,1
BRDA:27,13,0,0
BRF:14
BRH:9
DA:1,1
DA:2,1
DA:3,1
DA:4,1
DA:5,1
DA:6,5
DA:7,5
DA:8,5
DA:9,5
DA:10,5
DA:11,5
DA:12,5
DA:13,1
DA:14,1
DA:15,4
DA:16,5
DA:17,1
DA:18,1
DA:19,3
DA:20,3
DA:21,3
DA:22,5
DA:23,2
DA:24,2
DA:25,1
DA:26,1
DA:27,5
DA:28,0
DA:29,0
DA:30,0
DA:31,1
LH:28
LF:31
end_of_record
SF:src\handlers\sqs_handler.js
FN:4,handler
FNDA:2,handler
FNF:1
FNH:1
BRDA:1,0,0,1
BRDA:4,1,0,2
BRDA:8,2,0,0
BRDA:15,3,0,0
BRF:4
BRH:2
DA:1,1
DA:2,1
DA:3,1
DA:4,1
DA:5,2
DA:6,2
DA:7,2
DA:8,2
DA:9,0
DA:10,0
DA:11,2
DA:12,2
DA:13,2
DA:14,2
DA:15,2
DA:16,0
DA:17,0
DA:18,0
DA:19,1
LH:14
LF:19
end_of_record
SF:src\models\analytics_model.js
FN:1,getDefaultDashboard
FNDA:0,getDefaultDashboard
FNF:1
FNH:0
BRDA:1,0,0,1
BRF:1
BRH:1
DA:1,1
DA:2,0
DA:3,0
DA:4,0
DA:5,0
DA:6,0
DA:7,0
DA:8,0
DA:9,0
DA:10,0
DA:11,0
DA:12,0
DA:13,0
DA:14,0
DA:15,0
DA:16,0
DA:17,0
DA:18,0
DA:19,1
LH:2
LF:19
end_of_record
SF:src\repositories\analytics_repository.js
FN:6,getItem
FN:14,putItem
FN:21,updateItem
FN:36,incrementCounter
FN:44,anonymous_4
FN:61,query
FN:79,scan
FNDA:0,getItem
FNDA:0,putItem
FNDA:0,updateItem
FNDA:4,incrementCounter
FNDA:8,anonymous_4
FNDA:2,query
FNDA:0,scan
FNF:7
FNH:3
BRDA:1,0,0,1
BRDA:36,1,0,4
BRDA:38,2,0,0
BRDA:44,3,0,8
BRDA:61,4,0,2
BRDA:70,5,0,0
BRDA:76,6,0,0
BRF:7
BRH:4
DA:1,1
DA:2,1
DA:3,1
DA:4,1
DA:5,1
DA:6,1
DA:7,0
DA:8,0
DA:9,0
DA:10,0
DA:11,0
DA:12,1
DA:13,1
DA:14,1
DA:15,0
DA:16,0
DA:17,0
DA:18,0
DA:19,1
DA:20,1
DA:21,1
DA:22,0
DA:23,0
DA:24,0
DA:25,0
DA:26,0
DA:27,0
DA:28,0
DA:29,0
DA:30,0
DA:31,0
DA:32,0
DA:33,0
DA:34,1
DA:35,1
DA:36,1
DA:37,4
DA:38,4
DA:39,4
DA:40,4
DA:41,4
DA:42,4
DA:43,4
DA:44,4
DA:45,8
DA:46,8
DA:47,8
DA:48,4
DA:49,4
DA:50,4
DA:51,4
DA:52,4
DA:53,4
DA:54,4
DA:55,4
DA:56,4
DA:57,4
DA:58,4
DA:59,1
DA:60,1
DA:61,1
DA:62,2
DA:63,2
DA:64,2
DA:65,2
DA:66,2
DA:67,2
DA:68,2
DA:69,2
DA:70,2
DA:71,0
DA:72,0
DA:73,0
DA:74,2
DA:75,2
DA:76,2
DA:77,1
DA:78,1
DA:79,1
DA:80,0
DA:81,0
DA:82,0
DA:83,0
DA:84,1
LH:56
LF:84
end_of_record
SF:src\services\analytics_service.js
FN:9,getDashboard
FN:14,getRevenue
FN:15,getOrders
FN:16,getProducts
FN:17,getCustomers
FN:18,getInventory
FN:19,getPayments
FN:21,updateDashboardCounters
FN:25,updateSales
FN:34,processEvent
FN:85,generateDetailedReport
FNDA:0,getDashboard
FNDA:1,getRevenue
FNDA:0,getOrders
FNDA:1,getProducts
FNDA:0,getCustomers
FNDA:0,getInventory
FNDA:0,getPayments
FNDA:2,updateDashboardCounters
FNDA:1,updateSales
FNDA:2,processEvent
FNDA:0,generateDetailedReport
FNF:11
FNH:5
BRDA:1,0,0,1
BRDA:14,1,0,1
BRDA:16,2,0,1
BRDA:21,3,0,2
BRDA:25,4,0,1
BRDA:34,5,0,2
BRDA:39,6,0,0
BRDA:42,7,0,0
BRDA:45,8,0,1
BRDA:48,9,0,0
BRDA:51,10,0,0
BRDA:54,11,0,1
BRDA:59,12,0,0
BRDA:62,13,0,0
BRDA:67,14,0,0
BRDA:76,15,0,0
BRDA:79,16,0,0
BRF:17
BRH:8
DA:1,1
DA:2,1
DA:3,1
DA:4,1
DA:5,1
DA:6,1
DA:7,1
DA:8,1
DA:9,1
DA:10,0
DA:11,0
DA:12,1
DA:13,1
DA:14,1
DA:15,1
DA:16,1
DA:17,1
DA:18,1
DA:19,1
DA:20,1
DA:21,1
DA:22,2
DA:23,1
DA:24,1
DA:25,1
DA:26,1
DA:27,1
DA:28,1
DA:29,1
DA:30,1
DA:31,1
DA:32,1
DA:33,1
DA:34,1
DA:35,2
DA:36,2
DA:37,2
DA:38,2
DA:39,2
DA:40,0
DA:41,0
DA:42,2
DA:43,0
DA:44,0
DA:45,2
DA:46,1
DA:47,1
DA:48,2
DA:49,0
DA:50,0
DA:51,2
DA:52,0
DA:53,0
DA:54,2
DA:55,1
DA:56,1
DA:57,1
DA:58,1
DA:59,2
DA:60,0
DA:61,0
DA:62,2
DA:63,0
DA:64,0
DA:65,0
DA:66,0
DA:67,2
DA:68,0
DA:69,0
DA:70,0
DA:71,0
DA:72,0
DA:73,0
DA:74,0
DA:75,0
DA:76,2
DA:77,0
DA:78,2
DA:79,2
DA:80,0
DA:81,0
DA:82,0
DA:83,1
DA:84,1
DA:85,1
DA:86,0
DA:87,0
DA:88,0
DA:89,0
DA:90,0
DA:91,0
DA:92,0
DA:93,0
DA:94,0
DA:95,0
DA:96,0
DA:97,0
DA:98,0
DA:99,0
DA:100,0
DA:101,0
DA:102,0
DA:103,0
DA:104,0
DA:105,0
DA:106,0
DA:107,0
DA:108,0
DA:109,0
DA:110,0
DA:111,0
DA:112,0
DA:113,0
DA:114,0
DA:115,0
DA:116,0
DA:117,0
DA:118,0
DA:119,0
DA:120,0
DA:121,0
DA:122,0
DA:123,0
DA:124,0
DA:125,0
DA:126,0
DA:127,0
DA:128,0
DA:129,0
DA:130,0
DA:131,0
DA:132,0
DA:133,0
DA:134,0
DA:135,0
DA:136,0
DA:137,0
DA:138,0
DA:139,0
DA:140,0
DA:141,0
DA:142,0
DA:143,0
DA:144,0
DA:145,0
DA:146,0
DA:147,0
DA:148,0
DA:149,0
DA:150,0
DA:151,0
DA:152,0
DA:153,0
DA:154,0
DA:155,0
DA:156,0
DA:157,0
DA:158,0
DA:159,0
DA:160,0
DA:161,0
DA:162,0
DA:163,0
DA:164,0
DA:165,0
DA:166,0
DA:167,0
DA:168,0
DA:169,0
DA:170,0
DA:171,0
DA:172,0
DA:173,0
DA:174,0
DA:175,0
DA:176,0
DA:177,0
DA:178,0
DA:179,0
DA:180,0
DA:181,0
DA:182,0
DA:183,0
DA:184,0
DA:185,0
DA:186,0
DA:187,0
DA:188,0
DA:189,0
DA:190,0
DA:191,0
DA:192,0
DA:193,0
DA:194,0
DA:195,0
DA:196,0
DA:197,0
DA:198,0
DA:199,0
DA:200,0
DA:201,0
DA:202,0
DA:203,0
DA:204,0
DA:205,0
DA:206,0
DA:207,0
DA:208,0
DA:209,0
DA:210,0
DA:211,0
DA:212,0
DA:213,0
DA:214,0
DA:215,0
DA:216,0
DA:217,0
DA:218,0
DA:219,0
DA:220,0
DA:221,0
DA:222,0
DA:223,0
DA:224,0
DA:225,0
DA:226,0
DA:227,0
DA:228,0
DA:229,0
DA:230,0
DA:231,0
DA:232,0
DA:233,0
DA:234,0
DA:235,0
DA:236,0
DA:237,0
DA:238,0
DA:239,0
DA:240,0
DA:241,0
DA:242,0
DA:243,0
DA:244,0
DA:245,0
DA:246,0
DA:247,0
DA:248,0
DA:249,0
DA:250,0
DA:251,0
DA:252,0
DA:253,0
DA:254,0
DA:255,0
DA:256,0
DA:257,0
DA:258,0
DA:259,0
DA:260,0
DA:261,0
DA:262,0
DA:263,0
DA:264,0
DA:265,0
DA:266,0
DA:267,0
DA:268,0
DA:269,0
DA:270,0
DA:271,0
DA:272,0
DA:273,0
DA:274,0
DA:275,0
DA:276,0
DA:277,0
DA:278,0
DA:279,0
DA:280,0
DA:281,0
DA:282,0
DA:283,0
DA:284,0
DA:285,1
LH:58
LF:285
end_of_record
SF:src\utils\constants.js
FNF:0
FNH:0
BRDA:1,0,0,1
BRF:1
BRH:1
DA:1,1
DA:2,1
DA:3,1
DA:4,1
DA:5,1
DA:6,1
DA:7,1
DA:8,1
DA:9,1
DA:10,1
DA:11,1
DA:12,1
DA:13,1
DA:14,1
DA:15,1
DA:16,1
DA:17,1
DA:18,1
DA:19,1
DA:20,1
DA:21,1
DA:22,1
DA:23,1
DA:24,1
DA:25,1
DA:26,1
DA:27,1
DA:28,1
LH:28
LF:28
end_of_record
SF:src\utils\logger.js
FN:2,info
FN:5,error
FN:8,warn
FN:11,debug
FNDA:16,info
FNDA:0,error
FNDA:0,warn
FNDA:0,debug
FNF:4
FNH:1
BRDA:1,0,0,1
BRDA:2,1,0,16
BRF:2
BRH:2
DA:1,1
DA:2,1
DA:3,16
DA:4,1
DA:5,1
DA:6,0
DA:7,1
DA:8,1
DA:9,0
DA:10,1
DA:11,1
DA:12,0
DA:13,0
DA:14,0
DA:15,0
DA:16,1
LH:10
LF:16
end_of_record
SF:src\utils\response.js
FN:1,createResponse
FNDA:5,createResponse
FNF:1
FNH:1
BRDA:1,0,0,1
BRDA:1,1,0,5
BRF:2
BRH:2
DA:1,1
DA:2,5
DA:3,5
DA:4,5
DA:5,5
DA:6,5
DA:7,5
DA:8,5
DA:9,5
DA:10,1
LH:10
LF:10
end_of_record
