TN:
SF:handler.js
FN:10,createResponse
FN:21,parseBody
FN:31,getProductId
FN:40,isAdmin
FN:75,handler
FN:207,anonymous_5
FNDA:17,createResponse
FNDA:5,parseBody
FNDA:6,getProductId
FNDA:9,isAdmin
FNDA:17,handler
FNDA:13,anonymous_5
FNF:6
FNH:6
BRDA:1,0,0,1
BRDA:10,1,0,17
BRDA:21,2,0,5
BRDA:22,3,0,0
BRDA:23,4,0,0
BRDA:26,5,0,0
BRDA:31,6,0,6
BRDA:32,7,0,0
BRDA:33,8,0,0
BRDA:35,9,0,0
BRDA:40,10,0,9
BRDA:43,11,0,6
BRDA:43,12,0,3
BRDA:44,13,0,0
BRDA:47,14,0,3
BRDA:48,15,0,0
BRDA:48,16,0,0
BRDA:49,17,0,0
BRDA:60,18,0,3
BRDA:60,19,0,6
BRDA:65,20,0,0
BRDA:75,21,0,17
BRDA:79,22,0,1
BRDA:79,23,0,16
BRDA:81,24,0,0
BRDA:81,25,0,0
BRDA:81,26,0,0
BRDA:82,27,0,0
BRDA:82,28,0,0
BRDA:85,29,0,1
BRDA:87,30,0,15
BRDA:90,31,0,6
BRDA:90,32,0,3
BRDA:92,33,0,1
BRDA:95,34,0,1
BRDA:114,35,0,2
BRDA:116,36,0,1
BRDA:118,37,0,12
BRDA:121,38,0,8
BRDA:121,39,0,2
BRDA:123,40,0,0
BRDA:126,41,0,1
BRDA:128,42,0,10
BRDA:131,43,0,3
BRDA:131,44,0,3
BRDA:133,45,0,1
BRDA:135,46,0,2
BRDA:140,47,0,0
BRDA:142,48,0,2
BRDA:144,49,0,1
BRDA:153,50,0,1
BRDA:154,51,0,1
BRDA:155,52,0,1
BRDA:161,53,0,1
BRDA:165,54,0,7
BRDA:168,55,0,6
BRDA:168,56,0,4
BRDA:170,57,0,1
BRDA:172,58,0,3
BRDA:178,59,0,0
BRDA:183,60,0,3
BRDA:188,61,0,0
BRDA:193,62,0,3
BRDA:210,63,0,1
BRDA:215,64,0,2
BRDA:227,65,0,1
BRDA:238,66,0,1
BRDA:241,67,0,1
BRDA:242,68,0,0
BRDA:243,69,0,1
BRDA:244,70,0,1
BRDA:245,71,0,1
BRDA:247,72,0,1
BRDA:257,73,0,1
BRDA:271,74,0,3
BRDA:274,75,0,2
BRDA:274,76,0,2
BRDA:276,77,0,1
BRDA:281,78,0,0
BRDA:281,79,0,1
BRDA:286,80,0,1
BRDA:207,81,0,13
BRF:82
BRH:60
DA:1,1
DA:2,1
DA:3,1
DA:4,1
DA:5,1
DA:6,1
DA:7,1
DA:8,1
DA:9,1
DA:10,1
DA:11,17
DA:12,17
DA:13,17
DA:14,17
DA:15,17
DA:16,17
DA:17,17
DA:18,17
DA:19,1
DA:20,1
DA:21,1
DA:22,5
DA:23,5
DA:24,5
DA:25,5
DA:26,5
DA:27,0
DA:28,0
DA:29,1
DA:30,1
DA:31,1
DA:32,6
DA:33,6
DA:34,0
DA:35,6
DA:36,1
DA:37,1
DA:38,1
DA:39,1
DA:40,1
DA:41,9
DA:42,9
DA:43,9
DA:44,9
DA:45,9
DA:46,9
DA:47,9
DA:48,3
DA:49,3
DA:50,0
DA:51,0
DA:52,0
DA:53,0
DA:54,0
DA:55,0
DA:56,0
DA:57,0
DA:58,3
DA:59,9
DA:60,9
DA:61,6
DA:62,6
DA:63,6
DA:64,6
DA:65,6
DA:66,0
DA:67,0
DA:68,0
DA:69,0
DA:70,0
DA:71,0
DA:72,0
DA:73,1
DA:74,1
DA:75,1
DA:76,17
DA:77,17
DA:78,17
DA:79,17
DA:80,16
DA:81,17
DA:82,17
DA:83,17
DA:84,17
DA:85,17
DA:86,1
DA:87,1
DA:88,15
DA:89,15
DA:90,17
DA:91,3
DA:92,3
DA:93,3
DA:94,3
DA:95,3
DA:96,1
DA:97,1
DA:98,1
DA:99,1
DA:100,1
DA:101,1
DA:102,1
DA:103,1
DA:104,1
DA:105,1
DA:106,1
DA:107,1
DA:108,1
DA:109,1
DA:110,1
DA:111,1
DA:112,1
DA:113,1
DA:114,1
DA:115,2
DA:116,2
DA:117,1
DA:118,1
DA:119,12
DA:120,12
DA:121,17
DA:122,2
DA:123,2
DA:124,2
DA:125,2
DA:126,2
DA:127,1
DA:128,1
DA:129,10
DA:130,10
DA:131,17
DA:132,3
DA:133,3
DA:134,1
DA:135,1
DA:136,2
DA:137,2
DA:138,2
DA:139,2
DA:140,3
DA:141,0
DA:142,0
DA:143,2
DA:144,3
DA:145,1
DA:146,1
DA:147,1
DA:148,1
DA:149,1
DA:150,1
DA:151,3
DA:152,3
DA:153,3
DA:154,3
DA:155,3
DA:156,3
DA:157,3
DA:158,3
DA:159,3
DA:160,3
DA:161,3
DA:162,1
DA:163,1
DA:164,1
DA:165,1
DA:166,7
DA:167,7
DA:168,17
DA:169,4
DA:170,4
DA:171,1
DA:172,1
DA:173,3
DA:174,3
DA:175,3
DA:176,3
DA:177,3
DA:178,4
DA:179,0
DA:180,0
DA:181,0
DA:182,0
DA:183,0
DA:184,3
DA:185,3
DA:186,3
DA:187,3
DA:188,4
DA:189,0
DA:190,0
DA:191,0
DA:192,0
DA:193,0
DA:194,3
DA:195,3
DA:196,3
DA:197,3
DA:198,3
DA:199,3
DA:200,3
DA:201,3
DA:202,3
DA:203,3
DA:204,3
DA:205,3
DA:206,3
DA:207,3
DA:208,3
DA:209,3
DA:210,4
DA:211,1
DA:212,1
DA:213,1
DA:214,1
DA:215,1
DA:216,2
DA:217,2
DA:218,2
DA:219,2
DA:220,2
DA:221,2
DA:222,2
DA:223,2
DA:224,2
DA:225,2
DA:226,2
DA:227,4
DA:228,1
DA:229,1
DA:230,1
DA:231,1
DA:232,1
DA:233,1
DA:234,1
DA:235,1
DA:236,1
DA:237,4
DA:238,4
DA:239,4
DA:240,4
DA:241,4
DA:242,4
DA:243,4
DA:244,4
DA:245,4
DA:246,4
DA:247,4
DA:248,4
DA:249,4
DA:250,4
DA:251,4
DA:252,4
DA:253,4
DA:254,4
DA:255,4
DA:256,4
DA:257,4
DA:258,1
DA:259,1
DA:260,1
DA:261,1
DA:262,1
DA:263,1
DA:264,1
DA:265,1
DA:266,1
DA:267,1
DA:268,1
DA:269,1
DA:270,1
DA:271,1
DA:272,3
DA:273,3
DA:274,17
DA:275,2
DA:276,2
DA:277,1
DA:278,1
DA:279,1
DA:280,1
DA:281,2
DA:282,1
DA:283,1
DA:284,1
DA:285,1
DA:286,1
DA:287,1
DA:288,1
DA:289,1
DA:290,1
DA:291,1
DA:292,1
DA:293,1
DA:294,1
LH:264
LF:294
end_of_record
SF:src\dynamodb.js
FNF:0
FNH:0
BRDA:1,0,0,1
BRF:1
BRH:1
DA:1,1
DA:2,1
DA:3,1
DA:4,1
DA:5,1
DA:6,1
DA:7,1
DA:8,1
DA:9,1
DA:10,1
DA:11,1
LH:11
LF:11
end_of_record
SF:src\logger.js
FN:2,info
FN:5,error
FN:8,warn
FNDA:20,info
FNDA:1,error
FNDA:0,warn
FNF:3
FNH:2
BRDA:1,0,0,1
BRDA:2,1,0,20
BRDA:5,2,0,1
BRF:3
BRH:3
DA:1,1
DA:2,1
DA:3,20
DA:4,1
DA:5,1
DA:6,1
DA:7,1
DA:8,1
DA:9,0
DA:10,0
DA:11,1
LH:9
LF:11
end_of_record
SF:src\sns.js
FN:6,publishEvent
FNDA:3,publishEvent
FNF:1
FNH:1
BRDA:1,0,0,1
BRDA:6,1,0,3
BRDA:18,2,0,0
BRF:3
BRH:2
DA:1,1
DA:2,1
DA:3,1
DA:4,1
DA:5,1
DA:6,1
DA:7,3
DA:8,3
DA:9,3
DA:10,3
DA:11,3
DA:12,3
DA:13,3
DA:14,3
DA:15,3
DA:16,3
DA:17,3
DA:18,3
DA:19,0
DA:20,0
DA:21,0
DA:22,1
LH:19
LF:22
end_of_record
