TN:
SF:handler.js
FN:10,createResponse
FN:21,parseBody
FN:31,getProductId
FN:40,isAdmin
FN:75,handleGetProducts
FN:92,handleGetProduct
FN:101,handleCreateProduct
FN:127,handleUpdateProduct
FN:137,anonymous_8
FN:161,handleDeleteProduct
FN:172,handleApiGatewayEvent
FN:187,handler
FNDA:21,createResponse
FNDA:8,parseBody
FNDA:7,getProductId
FNDA:12,isAdmin
FNDA:3,handleGetProducts
FNDA:3,handleGetProduct
FNDA:6,handleCreateProduct
FNDA:4,handleUpdateProduct
FNDA:13,anonymous_8
FNDA:2,handleDeleteProduct
FNDA:20,handleApiGatewayEvent
FNDA:21,handler
FNF:12
FNH:12
BRDA:1,0,0,1
BRDA:10,1,0,21
BRDA:21,2,0,8
BRDA:22,3,0,0
BRDA:23,4,0,0
BRDA:26,5,0,1
BRDA:31,6,0,7
BRDA:32,7,0,6
BRDA:32,8,0,6
BRDA:32,9,0,1
BRDA:33,10,0,0
BRDA:33,11,0,0
BRDA:33,12,0,1
BRDA:35,13,0,0
BRDA:40,14,0,12
BRDA:43,15,0,8
BRDA:43,16,0,7
BRDA:43,17,0,5
BRDA:44,18,0,1
BRDA:47,19,0,4
BRDA:48,20,0,1
BRDA:48,21,0,3
BRDA:48,22,0,0
BRDA:49,23,0,1
BRDA:54,24,0,0
BRDA:60,25,0,3
BRDA:60,26,0,9
BRDA:63,27,0,8
BRDA:65,28,0,1
BRDA:70,29,0,0
BRDA:75,30,0,3
BRDA:76,31,0,1
BRDA:77,32,0,1
BRDA:86,33,0,2
BRDA:88,34,0,1
BRDA:92,35,0,3
BRDA:94,36,0,0
BRDA:97,37,0,1
BRDA:97,38,0,2
BRDA:101,39,0,6
BRDA:102,40,0,1
BRDA:102,41,0,5
BRDA:105,42,0,1
BRDA:105,43,0,4
BRDA:106,44,0,1
BRDA:106,45,0,3
BRDA:113,46,0,3
BRDA:114,47,0,3
BRDA:115,48,0,3
BRDA:121,49,0,3
BRDA:127,50,0,4
BRDA:128,51,0,1
BRDA:128,52,0,3
BRDA:131,53,0,0
BRDA:131,54,0,3
BRDA:134,55,0,0
BRDA:134,56,0,3
BRDA:138,57,0,1
BRDA:138,58,0,2
BRDA:141,59,0,1
BRDA:146,60,0,1
BRDA:147,61,0,1
BRDA:147,62,0,0
BRDA:148,63,0,1
BRDA:149,64,0,1
BRDA:150,65,0,1
BRDA:151,66,0,1
BRDA:155,67,0,1
BRDA:137,68,0,13
BRDA:161,69,0,2
BRDA:162,70,0,1
BRDA:165,71,0,0
BRDA:165,72,0,1
BRDA:172,73,0,20
BRDA:173,74,0,0
BRDA:173,75,0,0
BRDA:173,76,0,0
BRDA:174,77,0,0
BRDA:174,78,0,0
BRDA:176,79,0,1
BRDA:176,80,0,19
BRDA:178,81,0,9
BRDA:178,82,0,3
BRDA:178,83,0,16
BRDA:179,84,0,9
BRDA:179,85,0,3
BRDA:179,86,0,13
BRDA:180,87,0,6
BRDA:180,88,0,6
BRDA:180,89,0,7
BRDA:181,90,0,6
BRDA:181,91,0,4
BRDA:181,92,0,3
BRDA:182,93,0,2
BRDA:182,94,0,2
BRDA:182,95,0,1
BRDA:187,96,0,21
BRDA:191,97,0,1
BRDA:191,98,0,20
BRDA:193,99,0,1
BRF:100
BRH:82
DA:1,1
DA:2,1
DA:3,1
DA:4,1
DA:5,1
DA:6,1
DA:7,1
DA:8,1
DA:9,1
DA:10,1
DA:11,21
DA:12,21
DA:13,21
DA:14,21
DA:15,21
DA:16,21
DA:17,21
DA:18,21
DA:19,1
DA:20,1
DA:21,1
DA:22,8
DA:23,8
DA:24,8
DA:25,8
DA:26,8
DA:27,1
DA:28,1
DA:29,1
DA:30,1
DA:31,1
DA:32,7
DA:33,7
DA:34,1
DA:35,7
DA:36,1
DA:37,1
DA:38,1
DA:39,1
DA:40,1
DA:41,12
DA:42,12
DA:43,12
DA:44,12
DA:45,12
DA:46,12
DA:47,12
DA:48,4
DA:49,4
DA:50,1
DA:51,1
DA:52,1
DA:53,1
DA:54,1
DA:55,0
DA:56,0
DA:57,1
DA:58,4
DA:59,12
DA:60,12
DA:61,9
DA:62,9
DA:63,12
DA:64,8
DA:65,8
DA:66,1
DA:67,1
DA:68,1
DA:69,1
DA:70,1
DA:71,0
DA:72,0
DA:73,1
DA:74,1
DA:75,1
DA:76,3
DA:77,3
DA:78,1
DA:79,1
DA:80,1
DA:81,1
DA:82,1
DA:83,1
DA:84,1
DA:85,1
DA:86,1
DA:87,2
DA:88,2
DA:89,1
DA:90,1
DA:91,1
DA:92,1
DA:93,3
DA:94,3
DA:95,3
DA:96,3
DA:97,3
DA:98,2
DA:99,1
DA:100,1
DA:101,1
DA:102,6
DA:103,5
DA:104,5
DA:105,6
DA:106,6
DA:107,3
DA:108,3
DA:109,3
DA:110,3
DA:111,6
DA:112,6
DA:113,6
DA:114,6
DA:115,6
DA:116,6
DA:117,6
DA:118,6
DA:119,6
DA:120,6
DA:121,6
DA:122,3
DA:123,3
DA:124,3
DA:125,1
DA:126,1
DA:127,1
DA:128,4
DA:129,3
DA:130,3
DA:131,4
DA:132,3
DA:133,3
DA:134,4
DA:135,3
DA:136,3
DA:137,3
DA:138,4
DA:139,2
DA:140,2
DA:141,4
DA:142,1
DA:143,1
DA:144,1
DA:145,4
DA:146,4
DA:147,4
DA:148,4
DA:149,4
DA:150,4
DA:151,4
DA:152,4
DA:153,4
DA:154,4
DA:155,4
DA:156,1
DA:157,1
DA:158,1
DA:159,1
DA:160,1
DA:161,1
DA:162,2
DA:163,1
DA:164,1
DA:165,2
DA:166,1
DA:167,1
DA:168,1
DA:169,1
DA:170,1
DA:171,1
DA:172,1
DA:173,20
DA:174,20
DA:175,20
DA:176,20
DA:177,19
DA:178,20
DA:179,20
DA:180,20
DA:181,20
DA:182,20
DA:183,1
DA:184,1
DA:185,1
DA:186,1
DA:187,1
DA:188,21
DA:189,21
DA:190,21
DA:191,21
DA:192,20
DA:193,21
DA:194,1
DA:195,1
DA:196,1
DA:197,1
LH:193
LF:197
end_of_record
SF:src\dynamodb.js
FNF:0
FNH:0
BRDA:1,0,0,1
BRF:1
BRH:1
DA:1,1
DA:2,1
DA:3,1
DA:4,1
DA:5,1
DA:6,1
DA:7,1
DA:8,1
DA:9,1
DA:10,1
DA:11,1
LH:11
LF:11
end_of_record
SF:src\logger.js
FN:2,info
FN:5,error
FN:8,warn
FNDA:26,info
FNDA:1,error
FNDA:0,warn
FNF:3
FNH:2
BRDA:1,0,0,1
BRDA:2,1,0,26
BRDA:5,2,0,1
BRF:3
BRH:3
DA:1,1
DA:2,1
DA:3,26
DA:4,1
DA:5,1
DA:6,1
DA:7,1
DA:8,1
DA:9,0
DA:10,0
DA:11,1
LH:9
LF:11
end_of_record
SF:src\sns.js
FN:6,publishEvent
FNDA:5,publishEvent
FNF:1
FNH:1
BRDA:1,0,0,1
BRDA:6,1,0,5
BRDA:18,2,0,0
BRF:3
BRH:2
DA:1,1
DA:2,1
DA:3,1
DA:4,1
DA:5,1
DA:6,1
DA:7,5
DA:8,5
DA:9,5
DA:10,5
DA:11,5
DA:12,5
DA:13,5
DA:14,5
DA:15,5
DA:16,5
DA:17,5
DA:18,5
DA:19,0
DA:20,0
DA:21,0
DA:22,1
LH:19
LF:22
end_of_record
