TN:
SF:handler.js
FN:8,createResponse
FN:19,parseBody
FN:26,getUserId
FN:32,getItemId
FN:38,handleApiGatewayEvent
FN:107,anonymous_5
FN:132,anonymous_6
FN:280,anonymous_7
FN:330,anonymous_8
FN:370,anonymous_9
FN:371,anonymous_10
FN:381,handleSqsEvent
FN:408,anonymous_12
FN:423,anonymous_13
FN:435,handler
FNDA:16,createResponse
FNDA:7,parseBody
FNDA:14,getUserId
FNDA:4,getItemId
FNDA:15,handleApiGatewayEvent
FNDA:0,anonymous_5
FNDA:1,anonymous_6
FNDA:1,anonymous_7
FNDA:1,anonymous_8
FNDA:1,anonymous_9
FNDA:0,anonymous_10
FNDA:2,handleSqsEvent
FNDA:2,anonymous_12
FNDA:1,anonymous_13
FNDA:18,handler
FNF:15
FNH:13
BRDA:1,0,0,1
BRDA:8,1,0,16
BRDA:19,2,0,7
BRDA:20,3,0,0
BRDA:21,4,0,0
BRDA:23,5,0,0
BRDA:26,6,0,14
BRDA:27,7,0,13
BRDA:27,8,0,13
BRDA:27,9,0,1
BRDA:29,10,0,0
BRDA:29,11,0,1
BRDA:32,12,0,4
BRDA:33,13,0,3
BRDA:33,14,0,1
BRDA:35,15,0,0
BRDA:35,16,0,1
BRDA:38,17,0,15
BRDA:39,18,0,0
BRDA:39,19,0,0
BRDA:39,20,0,0
BRDA:40,21,0,0
BRDA:40,22,0,0
BRDA:42,23,0,1
BRDA:42,24,0,14
BRDA:45,25,0,1
BRDA:45,26,0,13
BRDA:48,27,0,1
BRDA:48,28,0,1
BRDA:50,29,0,0
BRDA:51,30,0,12
BRDA:54,31,0,2
BRDA:54,32,0,1
BRDA:57,33,0,11
BRDA:60,34,0,7
BRDA:60,35,0,5
BRDA:62,36,0,0
BRDA:65,37,0,4
BRDA:65,38,0,3
BRDA:65,39,0,3
BRDA:65,40,0,3
BRDA:65,41,0,2
BRDA:67,42,0,3
BRDA:73,43,0,1
BRDA:76,44,0,0
BRDA:78,45,0,0
BRDA:82,46,0,2
BRDA:84,47,0,1
BRDA:87,48,0,0
BRDA:88,49,0,0
BRDA:91,50,0,0
BRDA:97,51,0,0
BRDA:101,52,0,1
BRDA:104,53,0,0
BRDA:105,54,0,1
BRDA:105,55,0,0
BRDA:108,56,0,0
BRDA:128,57,0,1
BRDA:137,58,0,6
BRDA:141,59,0,2
BRDA:143,60,0,2
BRDA:152,61,0,1
BRDA:161,62,0,0
BRDA:186,63,0,1
BRDA:192,64,0,0
BRDA:209,65,0,0
BRDA:239,66,0,4
BRDA:242,67,0,3
BRDA:242,68,0,3
BRDA:245,69,0,1
BRDA:249,70,0,2
BRDA:254,71,0,0
BRDA:258,72,0,2
BRDA:260,73,0,0
BRDA:264,74,0,2
BRDA:273,75,0,1
BRDA:283,76,0,0
BRDA:287,77,0,1
BRDA:293,78,0,0
BRDA:325,79,0,1
BRDA:359,80,0,1
BRDA:362,81,0,1
BRDA:364,82,0,0
BRDA:367,83,0,0
BRDA:369,84,0,0
BRDA:376,85,0,0
BRDA:132,86,0,1
BRDA:280,87,0,1
BRDA:330,88,0,1
BRDA:370,89,0,1
BRDA:381,90,0,2
BRDA:383,91,0,0
BRDA:385,92,0,0
BRDA:389,93,0,1
BRDA:391,94,0,0
BRDA:403,95,0,0
BRDA:406,96,0,0
BRDA:412,97,0,1
BRDA:408,98,0,2
BRDA:423,99,0,1
BRDA:435,100,0,18
BRDA:438,101,0,1
BRDA:438,102,0,17
BRDA:439,103,0,2
BRDA:439,104,0,2
BRDA:439,105,0,2
BRDA:442,106,0,15
BRDA:445,107,0,0
BRF:108
BRH:70
DA:1,1
DA:2,1
DA:3,1
DA:4,1
DA:5,1
DA:6,1
DA:7,1
DA:8,1
DA:9,16
DA:10,16
DA:11,16
DA:12,16
DA:13,16
DA:14,16
DA:15,16
DA:16,16
DA:17,1
DA:18,1
DA:19,1
DA:20,7
DA:21,7
DA:22,7
DA:23,7
DA:24,1
DA:25,1
DA:26,1
DA:27,14
DA:28,1
DA:29,14
DA:30,1
DA:31,1
DA:32,1
DA:33,4
DA:34,1
DA:35,4
DA:36,1
DA:37,1
DA:38,1
DA:39,15
DA:40,15
DA:41,15
DA:42,15
DA:43,14
DA:44,14
DA:45,15
DA:46,13
DA:47,13
DA:48,15
DA:49,1
DA:50,1
DA:51,1
DA:52,12
DA:53,12
DA:54,15
DA:55,1
DA:56,1
DA:57,1
DA:58,11
DA:59,11
DA:60,15
DA:61,5
DA:62,5
DA:63,5
DA:64,5
DA:65,5
DA:66,2
DA:67,2
DA:68,3
DA:69,3
DA:70,3
DA:71,3
DA:72,3
DA:73,5
DA:74,1
DA:75,1
DA:76,1
DA:77,0
DA:78,1
DA:79,0
DA:80,0
DA:81,0
DA:82,1
DA:83,2
DA:84,5
DA:85,1
DA:86,1
DA:87,1
DA:88,1
DA:89,1
DA:90,1
DA:91,1
DA:92,1
DA:93,1
DA:94,1
DA:95,1
DA:96,1
DA:97,1
DA:98,0
DA:99,0
DA:100,0
DA:101,1
DA:102,1
DA:103,1
DA:104,5
DA:105,5
DA:106,5
DA:107,5
DA:108,5
DA:109,0
DA:110,0
DA:111,0
DA:112,0
DA:113,0
DA:114,0
DA:115,0
DA:116,0
DA:117,0
DA:118,0
DA:119,0
DA:120,0
DA:121,0
DA:122,0
DA:123,0
DA:124,0
DA:125,0
DA:126,0
DA:127,0
DA:128,5
DA:129,1
DA:130,1
DA:131,1
DA:132,1
DA:133,1
DA:134,1
DA:135,1
DA:136,1
DA:137,1
DA:138,6
DA:139,6
DA:140,6
DA:141,15
DA:142,2
DA:143,15
DA:144,2
DA:145,2
DA:146,2
DA:147,2
DA:148,2
DA:149,2
DA:150,2
DA:151,2
DA:152,2
DA:153,1
DA:154,1
DA:155,1
DA:156,1
DA:157,1
DA:158,1
DA:159,1
DA:160,1
DA:161,2
DA:162,0
DA:163,0
DA:164,0
DA:165,0
DA:166,0
DA:167,0
DA:168,0
DA:169,0
DA:170,0
DA:171,0
DA:172,0
DA:173,0
DA:174,0
DA:175,0
DA:176,0
DA:177,0
DA:178,0
DA:179,0
DA:180,0
DA:181,0
DA:182,0
DA:183,0
DA:184,0
DA:185,0
DA:186,0
DA:187,1
DA:188,1
DA:189,1
DA:190,1
DA:191,1
DA:192,1
DA:193,0
DA:194,0
DA:195,0
DA:196,0
DA:197,0
DA:198,0
DA:199,0
DA:200,0
DA:201,0
DA:202,0
DA:203,0
DA:204,0
DA:205,2
DA:206,2
DA:207,2
DA:208,2
DA:209,2
DA:210,0
DA:211,0
DA:212,0
DA:213,0
DA:214,0
DA:215,0
DA:216,0
DA:217,0
DA:218,0
DA:219,0
DA:220,0
DA:221,0
DA:222,0
DA:223,0
DA:224,0
DA:225,0
DA:226,0
DA:227,0
DA:228,0
DA:229,0
DA:230,0
DA:231,0
DA:232,0
DA:233,0
DA:234,0
DA:235,0
DA:236,0
DA:237,0
DA:238,0
DA:239,2
DA:240,4
DA:241,4
DA:242,15
DA:243,3
DA:244,3
DA:245,3
DA:246,1
DA:247,1
DA:248,1
DA:249,1
DA:250,2
DA:251,2
DA:252,2
DA:253,2
DA:254,3
DA:255,0
DA:256,0
DA:257,0
DA:258,0
DA:259,2
DA:260,3
DA:261,0
DA:262,0
DA:263,0
DA:264,0
DA:265,2
DA:266,2
DA:267,2
DA:268,2
DA:269,2
DA:270,2
DA:271,2
DA:272,2
DA:273,3
DA:274,1
DA:275,1
DA:276,1
DA:277,1
DA:278,1
DA:279,1
DA:280,1
DA:281,1
DA:282,1
DA:283,3
DA:284,0
DA:285,0
DA:286,0
DA:287,0
DA:288,1
DA:289,1
DA:290,1
DA:291,1
DA:292,1
DA:293,3
DA:294,0
DA:295,0
DA:296,0
DA:297,0
DA:298,0
DA:299,0
DA:300,0
DA:301,0
DA:302,0
DA:303,0
DA:304,0
DA:305,0
DA:306,0
DA:307,0
DA:308,0
DA:309,0
DA:310,0
DA:311,0
DA:312,0
DA:313,0
DA:314,0
DA:315,0
DA:316,0
DA:317,0
DA:318,0
DA:319,0
DA:320,0
DA:321,0
DA:322,0
DA:323,0
DA:324,0
DA:325,0
DA:326,1
DA:327,1
DA:328,1
DA:329,1
DA:330,1
DA:331,1
DA:332,1
DA:333,1
DA:334,1
DA:335,1
DA:336,1
DA:337,1
DA:338,1
DA:339,1
DA:340,1
DA:341,1
DA:342,1
DA:343,1
DA:344,1
DA:345,1
DA:346,1
DA:347,1
DA:348,1
DA:349,1
DA:350,1
DA:351,1
DA:352,1
DA:353,1
DA:354,1
DA:355,1
DA:356,1
DA:357,1
DA:358,1
DA:359,15
DA:360,1
DA:361,1
DA:362,15
DA:363,1
DA:364,1
DA:365,1
DA:366,1
DA:367,1
DA:368,1
DA:369,1
DA:370,1
DA:371,1
DA:372,1
DA:373,1
DA:374,1
DA:375,1
DA:376,1
DA:377,0
DA:378,0
DA:379,1
DA:380,1
DA:381,1
DA:382,2
DA:383,2
DA:384,2
DA:385,2
DA:386,2
DA:387,2
DA:388,2
DA:389,2
DA:390,2
DA:391,2
DA:392,2
DA:393,2
DA:394,2
DA:395,2
DA:396,2
DA:397,2
DA:398,2
DA:399,2
DA:400,2
DA:401,2
DA:402,2
DA:403,2
DA:404,2
DA:405,2
DA:406,2
DA:407,2
DA:408,2
DA:409,2
DA:410,2
DA:411,2
DA:412,2
DA:413,1
DA:414,1
DA:415,1
DA:416,1
DA:417,1
DA:418,1
DA:419,1
DA:420,1
DA:421,2
DA:422,2
DA:423,2
DA:424,2
DA:425,2
DA:426,2
DA:427,2
DA:428,2
DA:429,2
DA:430,2
DA:431,2
DA:432,2
DA:433,1
DA:434,1
DA:435,1
DA:436,18
DA:437,18
DA:438,18
DA:439,18
DA:440,2
DA:441,2
DA:442,18
DA:443,15
DA:444,15
DA:445,18
DA:446,0
DA:447,0
DA:448,0
DA:449,0
DA:450,0
DA:451,0
DA:452,0
DA:453,0
DA:454,0
DA:455,0
DA:456,1
LH:308
LF:456
end_of_record
SF:src\dynamodb.js
FNF:0
FNH:0
BRDA:1,0,0,1
BRF:1
BRH:1
DA:1,1
DA:2,1
DA:3,1
DA:4,1
DA:5,1
DA:6,1
DA:7,1
DA:8,1
DA:9,1
DA:10,1
DA:11,1
LH:11
LF:11
end_of_record
SF:src\logger.js
FN:2,info
FN:5,error
FN:8,warn
FNDA:22,info
FNDA:0,error
FNDA:0,warn
FNF:3
FNH:1
BRDA:1,0,0,1
BRDA:2,1,0,22
BRF:2
BRH:2
DA:1,1
DA:2,1
DA:3,22
DA:4,1
DA:5,1
DA:6,0
DA:7,1
DA:8,1
DA:9,0
DA:10,0
DA:11,1
LH:8
LF:11
end_of_record
