TN:
SF:handler.js
FN:7,createResponse
FN:18,parseBody
FN:25,getUserId
FN:31,getItemId
FN:37,handleApiGatewayEvent
FN:106,anonymous_5
FN:131,anonymous_6
FN:280,anonymous_7
FN:330,anonymous_8
FN:370,anonymous_9
FN:371,anonymous_10
FN:381,handleSqsEvent
FN:408,anonymous_12
FN:423,anonymous_13
FN:435,handler
FNDA:37,createResponse
FNDA:18,parseBody
FNDA:35,getUserId
FNDA:12,getItemId
FNDA:36,handleApiGatewayEvent
FNDA:2,anonymous_5
FNDA:2,anonymous_6
FNDA:5,anonymous_7
FNDA:1,anonymous_8
FNDA:1,anonymous_9
FNDA:0,anonymous_10
FNDA:6,handleSqsEvent
FNDA:3,anonymous_12
FNDA:1,anonymous_13
FNDA:43,handler
FNF:15
FNH:14
BRDA:1,0,0,1
BRDA:7,1,0,37
BRDA:18,2,0,18
BRDA:19,3,0,0
BRDA:20,4,0,0
BRDA:22,5,0,2
BRDA:25,6,0,35
BRDA:26,7,0,33
BRDA:26,8,0,33
BRDA:26,9,0,2
BRDA:28,10,0,0
BRDA:28,11,0,2
BRDA:31,12,0,12
BRDA:32,13,0,10
BRDA:32,14,0,2
BRDA:34,15,0,0
BRDA:34,16,0,2
BRDA:37,17,0,36
BRDA:38,18,0,0
BRDA:38,19,0,0
BRDA:38,20,0,0
BRDA:39,21,0,0
BRDA:39,22,0,0
BRDA:41,23,0,1
BRDA:41,24,0,35
BRDA:44,25,0,2
BRDA:44,26,0,33
BRDA:47,27,0,3
BRDA:47,28,0,3
BRDA:48,29,0,2
BRDA:49,30,0,1
BRDA:50,31,0,30
BRDA:53,32,0,4
BRDA:53,33,0,1
BRDA:56,34,0,29
BRDA:59,35,0,17
BRDA:59,36,0,10
BRDA:61,37,0,1
BRDA:61,38,0,9
BRDA:64,39,0,8
BRDA:64,40,0,8
BRDA:64,41,0,8
BRDA:64,42,0,1
BRDA:66,43,0,8
BRDA:72,44,0,2
BRDA:75,45,0,1
BRDA:77,46,0,1
BRDA:81,47,0,6
BRDA:83,48,0,4
BRDA:86,49,0,1
BRDA:86,50,0,3
BRDA:87,51,0,1
BRDA:87,52,0,2
BRDA:90,53,0,0
BRDA:93,54,0,1
BRDA:96,55,0,1
BRDA:100,56,0,3
BRDA:103,57,0,1
BRDA:104,58,0,3
BRDA:104,59,0,0
BRDA:107,60,0,2
BRDA:109,61,0,1
BRDA:114,62,0,0
BRDA:120,63,0,0
BRDA:123,64,0,1
BRDA:127,65,0,1
BRDA:129,66,0,2
BRDA:136,67,0,19
BRDA:140,68,0,7
BRDA:142,69,0,7
BRDA:151,70,0,1
BRDA:155,71,0,6
BRDA:160,72,0,2
BRDA:168,73,0,1
BRDA:184,74,0,0
BRDA:185,75,0,4
BRDA:188,76,0,1
BRDA:192,77,0,3
BRDA:209,78,0,2
BRDA:213,79,0,1
BRDA:239,80,0,12
BRDA:242,81,0,9
BRDA:242,82,0,9
BRDA:245,83,0,1
BRDA:249,84,0,8
BRDA:254,85,0,1
BRDA:258,86,0,7
BRDA:260,87,0,1
BRDA:264,88,0,6
BRDA:273,89,0,1
BRDA:277,90,0,5
BRDA:283,91,0,1
BRDA:287,92,0,4
BRDA:293,93,0,3
BRDA:297,94,0,2
BRDA:299,95,0,1
BRDA:308,96,0,0
BRDA:310,97,0,1
BRDA:316,98,0,1
BRDA:325,99,0,1
BRDA:359,100,0,3
BRDA:362,101,0,3
BRDA:364,102,0,1
BRDA:364,103,0,2
BRDA:367,104,0,1
BRDA:369,105,0,0
BRDA:374,106,0,1
BRDA:376,107,0,0
BRDA:106,108,0,2
BRDA:131,109,0,2
BRDA:280,110,0,5
BRDA:330,111,0,1
BRDA:370,112,0,1
BRDA:381,113,0,6
BRDA:383,114,0,0
BRDA:385,115,0,0
BRDA:389,116,0,3
BRDA:389,117,0,5
BRDA:391,118,0,1
BRDA:391,119,0,4
BRDA:400,120,0,4
BRDA:403,121,0,1
BRDA:405,122,0,3
BRDA:406,123,0,0
BRDA:412,124,0,1
BRDA:415,125,0,2
BRDA:416,126,0,1
BRDA:422,127,0,2
BRDA:429,128,0,4
BRDA:432,129,0,5
BRDA:408,130,0,3
BRDA:423,131,0,1
BRDA:435,132,0,43
BRDA:438,133,0,1
BRDA:438,134,0,42
BRDA:439,135,0,6
BRDA:439,136,0,6
BRDA:439,137,0,6
BRDA:440,138,0,5
BRDA:442,139,0,36
BRDA:445,140,0,2
BRDA:452,141,0,1
BRF:142
BRH:122
DA:1,1
DA:2,1
DA:3,1
DA:4,1
DA:5,1
DA:6,1
DA:7,1
DA:8,37
DA:9,37
DA:10,37
DA:11,37
DA:12,37
DA:13,37
DA:14,37
DA:15,37
DA:16,1
DA:17,1
DA:18,1
DA:19,18
DA:20,18
DA:21,18
DA:22,18
DA:23,1
DA:24,1
DA:25,1
DA:26,35
DA:27,2
DA:28,35
DA:29,1
DA:30,1
DA:31,1
DA:32,12
DA:33,2
DA:34,12
DA:35,1
DA:36,1
DA:37,1
DA:38,36
DA:39,36
DA:40,36
DA:41,36
DA:42,35
DA:43,35
DA:44,36
DA:45,33
DA:46,33
DA:47,36
DA:48,3
DA:49,3
DA:50,3
DA:51,30
DA:52,30
DA:53,36
DA:54,1
DA:55,1
DA:56,1
DA:57,29
DA:58,29
DA:59,36
DA:60,10
DA:61,10
DA:62,9
DA:63,9
DA:64,10
DA:65,1
DA:66,1
DA:67,8
DA:68,8
DA:69,8
DA:70,8
DA:71,8
DA:72,10
DA:73,2
DA:74,2
DA:75,2
DA:76,1
DA:77,2
DA:78,1
DA:79,1
DA:80,1
DA:81,2
DA:82,6
DA:83,10
DA:84,4
DA:85,4
DA:86,4
DA:87,4
DA:88,2
DA:89,2
DA:90,4
DA:91,4
DA:92,4
DA:93,4
DA:94,1
DA:95,1
DA:96,4
DA:97,1
DA:98,1
DA:99,1
DA:100,4
DA:101,3
DA:102,3
DA:103,10
DA:104,10
DA:105,10
DA:106,10
DA:107,10
DA:108,2
DA:109,2
DA:110,1
DA:111,1
DA:112,1
DA:113,1
DA:114,1
DA:115,1
DA:116,1
DA:117,1
DA:118,1
DA:119,1
DA:120,1
DA:121,0
DA:122,0
DA:123,1
DA:124,1
DA:125,1
DA:126,1
DA:127,10
DA:128,1
DA:129,1
DA:130,2
DA:131,2
DA:132,2
DA:133,2
DA:134,2
DA:135,2
DA:136,2
DA:137,19
DA:138,19
DA:139,19
DA:140,36
DA:141,7
DA:142,36
DA:143,7
DA:144,7
DA:145,7
DA:146,7
DA:147,7
DA:148,7
DA:149,7
DA:150,7
DA:151,7
DA:152,1
DA:153,1
DA:154,1
DA:155,1
DA:156,6
DA:157,6
DA:158,6
DA:159,6
DA:160,7
DA:161,2
DA:162,2
DA:163,2
DA:164,2
DA:165,2
DA:166,2
DA:167,2
DA:168,2
DA:169,1
DA:170,1
DA:171,1
DA:172,1
DA:173,1
DA:174,1
DA:175,1
DA:176,1
DA:177,1
DA:178,1
DA:179,1
DA:180,1
DA:181,1
DA:182,1
DA:183,1
DA:184,2
DA:185,0
DA:186,4
DA:187,4
DA:188,7
DA:189,1
DA:190,1
DA:191,1
DA:192,1
DA:193,3
DA:194,3
DA:195,3
DA:196,3
DA:197,3
DA:198,3
DA:199,3
DA:200,3
DA:201,3
DA:202,3
DA:203,3
DA:204,3
DA:205,7
DA:206,7
DA:207,7
DA:208,7
DA:209,7
DA:210,2
DA:211,2
DA:212,2
DA:213,7
DA:214,1
DA:215,1
DA:216,1
DA:217,1
DA:218,1
DA:219,1
DA:220,1
DA:221,1
DA:222,1
DA:223,1
DA:224,1
DA:225,1
DA:226,1
DA:227,1
DA:228,1
DA:229,1
DA:230,1
DA:231,1
DA:232,1
DA:233,1
DA:234,1
DA:235,1
DA:236,1
DA:237,1
DA:238,1
DA:239,7
DA:240,12
DA:241,12
DA:242,36
DA:243,9
DA:244,9
DA:245,9
DA:246,1
DA:247,1
DA:248,1
DA:249,1
DA:250,8
DA:251,8
DA:252,8
DA:253,8
DA:254,9
DA:255,1
DA:256,1
DA:257,1
DA:258,1
DA:259,7
DA:260,9
DA:261,1
DA:262,1
DA:263,1
DA:264,1
DA:265,6
DA:266,6
DA:267,6
DA:268,6
DA:269,6
DA:270,6
DA:271,6
DA:272,6
DA:273,9
DA:274,1
DA:275,1
DA:276,1
DA:277,1
DA:278,5
DA:279,5
DA:280,5
DA:281,5
DA:282,5
DA:283,9
DA:284,1
DA:285,1
DA:286,1
DA:287,1
DA:288,4
DA:289,4
DA:290,4
DA:291,4
DA:292,4
DA:293,9
DA:294,3
DA:295,3
DA:296,3
DA:297,3
DA:298,2
DA:299,3
DA:300,1
DA:301,1
DA:302,1
DA:303,1
DA:304,1
DA:305,1
DA:306,1
DA:307,1
DA:308,3
DA:309,3
DA:310,3
DA:311,1
DA:312,1
DA:313,1
DA:314,1
DA:315,3
DA:316,3
DA:317,1
DA:318,1
DA:319,1
DA:320,1
DA:321,1
DA:322,1
DA:323,1
DA:324,1
DA:325,3
DA:326,1
DA:327,1
DA:328,1
DA:329,1
DA:330,1
DA:331,1
DA:332,1
DA:333,1
DA:334,1
DA:335,1
DA:336,1
DA:337,1
DA:338,1
DA:339,1
DA:340,1
DA:341,1
DA:342,1
DA:343,1
DA:344,1
DA:345,1
DA:346,1
DA:347,1
DA:348,1
DA:349,1
DA:350,1
DA:351,1
DA:352,1
DA:353,1
DA:354,1
DA:355,1
DA:356,1
DA:357,1
DA:358,1
DA:359,36
DA:360,3
DA:361,3
DA:362,36
DA:363,3
DA:364,3
DA:365,2
DA:366,2
DA:367,3
DA:368,1
DA:369,3
DA:370,3
DA:371,3
DA:372,3
DA:373,3
DA:374,3
DA:375,1
DA:376,1
DA:377,0
DA:378,0
DA:379,1
DA:380,1
DA:381,1
DA:382,6
DA:383,6
DA:384,6
DA:385,6
DA:386,6
DA:387,6
DA:388,6
DA:389,6
DA:390,5
DA:391,5
DA:392,4
DA:393,4
DA:394,4
DA:395,4
DA:396,5
DA:397,5
DA:398,5
DA:399,5
DA:400,5
DA:401,4
DA:402,4
DA:403,5
DA:404,5
DA:405,5
DA:406,3
DA:407,3
DA:408,3
DA:409,3
DA:410,3
DA:411,3
DA:412,3
DA:413,1
DA:414,1
DA:415,3
DA:416,2
DA:417,1
DA:418,1
DA:419,1
DA:420,2
DA:421,3
DA:422,3
DA:423,2
DA:424,2
DA:425,2
DA:426,2
DA:427,2
DA:428,3
DA:429,3
DA:430,5
DA:431,5
DA:432,6
DA:433,1
DA:434,1
DA:435,1
DA:436,43
DA:437,43
DA:438,43
DA:439,43
DA:440,6
DA:441,5
DA:442,43
DA:443,36
DA:444,36
DA:445,43
DA:446,2
DA:447,2
DA:448,2
DA:449,2
DA:450,2
DA:451,2
DA:452,2
DA:453,1
DA:454,1
DA:455,1
DA:456,1
DA:457,1
LH:452
LF:457
end_of_record
SF:src\dynamodb.js
FNF:0
FNH:0
BRDA:1,0,0,1
BRF:1
BRH:1
DA:1,1
DA:2,1
DA:3,1
DA:4,1
DA:5,1
DA:6,1
DA:7,1
DA:8,1
DA:9,1
DA:10,1
DA:11,1
LH:11
LF:11
end_of_record
SF:src\logger.js
FN:2,info
FN:5,error
FN:8,warn
FNDA:49,info
FNDA:6,error
FNDA:0,warn
FNF:3
FNH:2
BRDA:1,0,0,1
BRDA:2,1,0,49
BRDA:5,2,0,6
BRF:3
BRH:3
DA:1,1
DA:2,1
DA:3,49
DA:4,1
DA:5,1
DA:6,6
DA:7,1
DA:8,1
DA:9,0
DA:10,0
DA:11,1
LH:9
LF:11
end_of_record
