TN:
SF:handler.js
FN:10,createResponse
FN:21,parseBody
FN:28,getOrderId
FN:34,getUserId
FN:40,handleApiGatewayEvent
FN:86,anonymous_5
FN:367,handleSqsEvent
FN:449,handler
FNDA:14,createResponse
FNDA:6,parseBody
FNDA:6,getOrderId
FNDA:1,getUserId
FNDA:13,handleApiGatewayEvent
FNDA:1,anonymous_5
FNDA:4,handleSqsEvent
FNDA:18,handler
FNF:8
FNH:8
BRDA:1,0,0,1
BRDA:10,1,0,14
BRDA:21,2,0,6
BRDA:22,3,0,0
BRDA:23,4,0,0
BRDA:25,5,0,0
BRDA:28,6,0,6
BRDA:29,7,0,0
BRDA:31,8,0,0
BRDA:31,9,0,0
BRDA:31,10,0,0
BRDA:34,11,0,1
BRDA:35,12,0,0
BRDA:37,13,0,0
BRDA:40,14,0,13
BRDA:41,15,0,0
BRDA:41,16,0,0
BRDA:41,17,0,0
BRDA:42,18,0,0
BRDA:42,19,0,0
BRDA:44,20,0,1
BRDA:44,21,0,12
BRDA:47,22,0,4
BRDA:47,23,0,3
BRDA:53,24,0,0
BRDA:57,25,0,1
BRDA:61,26,0,2
BRDA:63,27,0,1
BRDA:63,28,0,1
BRDA:63,29,0,1
BRDA:77,30,0,0
BRDA:83,31,0,1
BRDA:107,32,0,1
BRDA:112,33,0,0
BRDA:131,34,0,1
BRDA:146,35,0,9
BRDA:149,36,0,1
BRDA:149,37,0,1
BRDA:158,38,0,0
BRDA:159,39,0,0
BRDA:161,40,0,8
BRDA:164,41,0,1
BRDA:164,42,0,1
BRDA:166,43,0,0
BRDA:174,44,0,0
BRDA:175,45,0,7
BRDA:178,46,0,6
BRDA:178,47,0,6
BRDA:178,48,0,1
BRDA:180,49,0,0
BRDA:183,50,0,0
BRDA:185,51,0,6
BRDA:188,52,0,5
BRDA:189,53,0,4
BRDA:190,54,0,2
BRDA:194,55,0,0
BRDA:204,56,0,0
BRDA:217,57,0,0
BRDA:225,58,0,1
BRDA:226,59,0,1
BRDA:228,60,0,1
BRDA:241,61,0,1
BRDA:245,62,0,0
BRDA:256,63,0,1
BRDA:268,64,0,4
BRDA:271,65,0,3
BRDA:271,66,0,2
BRDA:275,67,0,0
BRDA:288,68,0,0
BRDA:295,69,0,1
BRDA:296,70,0,1
BRDA:298,71,0,1
BRDA:333,72,0,2
BRDA:336,73,0,1
BRDA:336,74,0,1
BRDA:336,75,0,1
BRDA:338,76,0,0
BRDA:341,77,0,0
BRDA:343,78,0,0
BRDA:356,79,0,0
BRDA:362,80,0,1
BRDA:86,81,0,1
BRDA:367,82,0,4
BRDA:369,83,0,0
BRDA:371,84,0,0
BRDA:374,85,0,0
BRDA:375,86,0,0
BRDA:379,87,0,1
BRDA:381,88,0,1
BRDA:396,89,0,1
BRDA:403,90,0,0
BRDA:407,91,0,0
BRDA:425,92,0,1
BRDA:427,93,0,3
BRDA:438,94,0,0
BRDA:449,95,0,18
BRDA:452,96,0,1
BRDA:452,97,0,17
BRDA:453,98,0,4
BRDA:453,99,0,4
BRDA:453,100,0,4
BRDA:456,101,0,13
BRDA:459,102,0,0
BRF:103
BRH:62
DA:1,1
DA:2,1
DA:3,1
DA:4,1
DA:5,1
DA:6,1
DA:7,1
DA:8,1
DA:9,1
DA:10,1
DA:11,14
DA:12,14
DA:13,14
DA:14,14
DA:15,14
DA:16,14
DA:17,14
DA:18,14
DA:19,1
DA:20,1
DA:21,1
DA:22,6
DA:23,6
DA:24,6
DA:25,6
DA:26,1
DA:27,1
DA:28,1
DA:29,6
DA:30,0
DA:31,6
DA:32,1
DA:33,1
DA:34,1
DA:35,1
DA:36,0
DA:37,1
DA:38,1
DA:39,1
DA:40,1
DA:41,13
DA:42,13
DA:43,13
DA:44,13
DA:45,12
DA:46,12
DA:47,13
DA:48,3
DA:49,3
DA:50,3
DA:51,3
DA:52,3
DA:53,3
DA:54,0
DA:55,0
DA:56,3
DA:57,3
DA:58,1
DA:59,1
DA:60,1
DA:61,1
DA:62,2
DA:63,3
DA:64,1
DA:65,1
DA:66,1
DA:67,1
DA:68,1
DA:69,1
DA:70,1
DA:71,1
DA:72,1
DA:73,1
DA:74,1
DA:75,1
DA:76,1
DA:77,1
DA:78,0
DA:79,0
DA:80,0
DA:81,0
DA:82,0
DA:83,1
DA:84,1
DA:85,1
DA:86,1
DA:87,1
DA:88,1
DA:89,1
DA:90,1
DA:91,1
DA:92,1
DA:93,1
DA:94,1
DA:95,1
DA:96,1
DA:97,3
DA:98,3
DA:99,3
DA:100,3
DA:101,3
DA:102,3
DA:103,3
DA:104,3
DA:105,3
DA:106,3
DA:107,3
DA:108,1
DA:109,1
DA:110,1
DA:111,1
DA:112,3
DA:113,0
DA:114,0
DA:115,0
DA:116,0
DA:117,0
DA:118,0
DA:119,0
DA:120,0
DA:121,0
DA:122,0
DA:123,0
DA:124,0
DA:125,0
DA:126,0
DA:127,0
DA:128,0
DA:129,0
DA:130,0
DA:131,0
DA:132,1
DA:133,1
DA:134,1
DA:135,1
DA:136,1
DA:137,1
DA:138,1
DA:139,1
DA:140,1
DA:141,1
DA:142,1
DA:143,1
DA:144,1
DA:145,1
DA:146,1
DA:147,9
DA:148,9
DA:149,13
DA:150,1
DA:151,1
DA:152,1
DA:153,1
DA:154,1
DA:155,1
DA:156,1
DA:157,1
DA:158,1
DA:159,1
DA:160,1
DA:161,1
DA:162,8
DA:163,8
DA:164,13
DA:165,1
DA:166,1
DA:167,1
DA:168,1
DA:169,1
DA:170,1
DA:171,1
DA:172,1
DA:173,1
DA:174,1
DA:175,1
DA:176,7
DA:177,7
DA:178,13
DA:179,1
DA:180,1
DA:181,1
DA:182,1
DA:183,1
DA:184,1
DA:185,1
DA:186,6
DA:187,6
DA:188,13
DA:189,13
DA:190,13
DA:191,2
DA:192,2
DA:193,2
DA:194,2
DA:195,0
DA:196,0
DA:197,0
DA:198,0
DA:199,2
DA:200,2
DA:201,2
DA:202,2
DA:203,2
DA:204,2
DA:205,0
DA:206,0
DA:207,0
DA:208,0
DA:209,2
DA:210,2
DA:211,2
DA:212,2
DA:213,2
DA:214,2
DA:215,2
DA:216,2
DA:217,2
DA:218,0
DA:219,0
DA:220,0
DA:221,0
DA:222,2
DA:223,2
DA:224,2
DA:225,2
DA:226,2
DA:227,1
DA:228,2
DA:229,1
DA:230,1
DA:231,1
DA:232,1
DA:233,1
DA:234,1
DA:235,1
DA:236,1
DA:237,1
DA:238,2
DA:239,2
DA:240,2
DA:241,2
DA:242,2
DA:243,2
DA:244,2
DA:245,2
DA:246,2
DA:247,2
DA:248,2
DA:249,2
DA:250,2
DA:251,2
DA:252,2
DA:253,2
DA:254,2
DA:255,2
DA:256,2
DA:257,1
DA:258,1
DA:259,1
DA:260,1
DA:261,1
DA:262,1
DA:263,1
DA:264,1
DA:265,1
DA:266,1
DA:267,1
DA:268,1
DA:269,4
DA:270,4
DA:271,13
DA:272,2
DA:273,2
DA:274,2
DA:275,2
DA:276,0
DA:277,0
DA:278,0
DA:279,0
DA:280,2
DA:281,2
DA:282,2
DA:283,2
DA:284,2
DA:285,2
DA:286,2
DA:287,2
DA:288,2
DA:289,0
DA:290,0
DA:291,0
DA:292,0
DA:293,2
DA:294,2
DA:295,2
DA:296,2
DA:297,1
DA:298,2
DA:299,1
DA:300,1
DA:301,1
DA:302,1
DA:303,1
DA:304,1
DA:305,1
DA:306,1
DA:307,1
DA:308,1
DA:309,1
DA:310,1
DA:311,1
DA:312,1
DA:313,1
DA:314,1
DA:315,1
DA:316,1
DA:317,1
DA:318,1
DA:319,1
DA:320,1
DA:321,1
DA:322,1
DA:323,1
DA:324,1
DA:325,1
DA:326,1
DA:327,1
DA:328,1
DA:329,1
DA:330,1
DA:331,1
DA:332,1
DA:333,1
DA:334,2
DA:335,2
DA:336,13
DA:337,1
DA:338,1
DA:339,1
DA:340,1
DA:341,1
DA:342,1
DA:343,1
DA:344,1
DA:345,1
DA:346,1
DA:347,1
DA:348,1
DA:349,1
DA:350,1
DA:351,1
DA:352,1
DA:353,1
DA:354,1
DA:355,1
DA:356,1
DA:357,0
DA:358,0
DA:359,0
DA:360,0
DA:361,0
DA:362,1
DA:363,1
DA:364,1
DA:365,1
DA:366,1
DA:367,1
DA:368,4
DA:369,4
DA:370,4
DA:371,4
DA:372,4
DA:373,4
DA:374,4
DA:375,4
DA:376,4
DA:377,4
DA:378,4
DA:379,4
DA:380,4
DA:381,4
DA:382,1
DA:383,1
DA:384,1
DA:385,1
DA:386,1
DA:387,1
DA:388,1
DA:389,1
DA:390,1
DA:391,1
DA:392,1
DA:393,1
DA:394,1
DA:395,1
DA:396,4
DA:397,1
DA:398,1
DA:399,1
DA:400,1
DA:401,1
DA:402,1
DA:403,1
DA:404,0
DA:405,0
DA:406,0
DA:407,1
DA:408,0
DA:409,0
DA:410,1
DA:411,1
DA:412,1
DA:413,1
DA:414,1
DA:415,1
DA:416,1
DA:417,1
DA:418,1
DA:419,1
DA:420,1
DA:421,1
DA:422,1
DA:423,1
DA:424,1
DA:425,4
DA:426,4
DA:427,4
DA:428,3
DA:429,3
DA:430,3
DA:431,3
DA:432,3
DA:433,3
DA:434,3
DA:435,3
DA:436,3
DA:437,3
DA:438,3
DA:439,0
DA:440,0
DA:441,0
DA:442,0
DA:443,0
DA:444,0
DA:445,3
DA:446,4
DA:447,1
DA:448,1
DA:449,1
DA:450,18
DA:451,18
DA:452,18
DA:453,18
DA:454,4
DA:455,4
DA:456,18
DA:457,13
DA:458,13
DA:459,18
DA:460,0
DA:461,0
DA:462,0
DA:463,0
DA:464,1
LH:396
LF:464
end_of_record
SF:src\dynamodb.js
FNF:0
FNH:0
BRDA:1,0,0,1
BRF:1
BRH:1
DA:1,1
DA:2,1
DA:3,1
DA:4,1
DA:5,1
DA:6,1
DA:7,1
DA:8,1
DA:9,1
DA:10,1
DA:11,1
LH:11
LF:11
end_of_record
SF:src\logger.js
FN:2,info
FN:5,error
FN:8,warn
FNDA:28,info
FNDA:0,error
FNDA:0,warn
FNF:3
FNH:1
BRDA:1,0,0,1
BRDA:2,1,0,28
BRF:2
BRH:2
DA:1,1
DA:2,1
DA:3,28
DA:4,1
DA:5,1
DA:6,0
DA:7,1
DA:8,1
DA:9,0
DA:10,0
DA:11,1
LH:8
LF:11
end_of_record
SF:src\sns.js
FN:6,publishEvent
FNDA:5,publishEvent
FNF:1
FNH:1
BRDA:1,0,0,1
BRDA:6,1,0,5
BRDA:18,2,0,0
BRF:3
BRH:2
DA:1,1
DA:2,1
DA:3,1
DA:4,1
DA:5,1
DA:6,1
DA:7,5
DA:8,5
DA:9,5
DA:10,5
DA:11,5
DA:12,5
DA:13,5
DA:14,5
DA:15,5
DA:16,5
DA:17,5
DA:18,5
DA:19,0
DA:20,0
DA:21,0
DA:22,1
LH:19
LF:22
end_of_record
