TN:
SF:handler.js
FN:10,createResponse
FN:21,parseBody
FN:28,getOrderId
FN:34,getUserId
FN:40,handleCreateOrder
FN:52,anonymous_5
FN:79,handleGetOrders
FN:84,handleGetUserOrders
FN:97,handleGetOrder
FN:106,handleUpdateOrder
FN:133,handleCancelOrder
FN:150,handleUpdateOrderStatus
FN:175,handleApiGatewayEvent
FN:192,processSqsEvent
FN:241,handleSqsEvent
FN:251,handler
FNDA:17,createResponse
FNDA:7,parseBody
FNDA:8,getOrderId
FNDA:1,getUserId
FNDA:4,handleCreateOrder
FNDA:1,anonymous_5
FNDA:1,handleGetOrders
FNDA:1,handleGetUserOrders
FNDA:3,handleGetOrder
FNDA:2,handleUpdateOrder
FNDA:2,handleCancelOrder
FNDA:1,handleUpdateOrderStatus
FNDA:16,handleApiGatewayEvent
FNDA:4,processSqsEvent
FNDA:4,handleSqsEvent
FNDA:21,handler
FNF:16
FNH:16
BRDA:1,0,0,1
BRDA:10,1,0,17
BRDA:21,2,0,7
BRDA:22,3,0,0
BRDA:23,4,0,0
BRDA:25,5,0,1
BRDA:28,6,0,8
BRDA:29,7,0,6
BRDA:29,8,0,2
BRDA:31,9,0,2
BRDA:31,10,0,2
BRDA:31,11,0,0
BRDA:34,12,0,1
BRDA:35,13,0,0
BRDA:37,14,0,0
BRDA:40,15,0,4
BRDA:42,16,0,1
BRDA:42,17,0,3
BRDA:43,18,0,1
BRDA:43,19,0,2
BRDA:44,20,0,1
BRDA:44,21,0,1
BRDA:44,22,0,1
BRDA:47,23,0,0
BRDA:50,24,0,1
BRDA:64,25,0,1
BRDA:67,26,0,0
BRDA:73,27,0,1
BRDA:52,28,0,1
BRDA:79,29,0,1
BRDA:81,30,0,0
BRDA:81,31,0,0
BRDA:84,32,0,1
BRDA:86,33,0,0
BRDA:94,34,0,0
BRDA:97,35,0,3
BRDA:99,36,0,0
BRDA:101,37,0,2
BRDA:102,38,0,0
BRDA:102,39,0,2
BRDA:106,40,0,2
BRDA:108,41,0,0
BRDA:111,42,0,0
BRDA:114,43,0,0
BRDA:116,44,0,1
BRDA:123,45,0,1
BRDA:124,46,0,0
BRDA:128,47,0,1
BRDA:133,48,0,2
BRDA:135,49,0,0
BRDA:138,50,0,0
BRDA:140,51,0,1
BRDA:150,52,0,1
BRDA:152,53,0,0
BRDA:155,54,0,0
BRDA:156,55,0,0
BRDA:169,56,0,0
BRDA:175,57,0,16
BRDA:176,58,0,0
BRDA:176,59,0,0
BRDA:176,60,0,0
BRDA:177,61,0,0
BRDA:177,62,0,0
BRDA:179,63,0,1
BRDA:179,64,0,15
BRDA:181,65,0,5
BRDA:181,66,0,4
BRDA:181,67,0,11
BRDA:182,68,0,1
BRDA:182,69,0,1
BRDA:182,70,0,10
BRDA:183,71,0,1
BRDA:183,72,0,1
BRDA:183,73,0,9
BRDA:184,74,0,8
BRDA:184,75,0,8
BRDA:184,76,0,3
BRDA:184,77,0,6
BRDA:185,78,0,5
BRDA:185,79,0,4
BRDA:185,80,0,2
BRDA:185,81,0,4
BRDA:186,82,0,3
BRDA:186,83,0,2
BRDA:187,84,0,1
BRDA:187,85,0,1
BRDA:187,86,0,1
BRDA:192,87,0,4
BRDA:193,88,0,0
BRDA:194,89,0,0
BRDA:197,90,0,1
BRDA:199,91,0,1
BRDA:206,92,0,1
BRDA:212,93,0,0
BRDA:216,94,0,0
BRDA:222,95,0,1
BRDA:224,96,0,3
BRDA:234,97,0,0
BRDA:241,98,0,4
BRDA:243,99,0,0
BRDA:245,100,0,0
BRDA:251,101,0,21
BRDA:254,102,0,1
BRDA:254,103,0,20
BRDA:255,104,0,4
BRDA:255,105,0,4
BRDA:255,106,0,4
BRDA:258,107,0,16
BRDA:261,108,0,1
BRDA:263,109,0,0
BRF:110
BRH:74
DA:1,1
DA:2,1
DA:3,1
DA:4,1
DA:5,1
DA:6,1
DA:7,1
DA:8,1
DA:9,1
DA:10,1
DA:11,17
DA:12,17
DA:13,17
DA:14,17
DA:15,17
DA:16,17
DA:17,17
DA:18,17
DA:19,1
DA:20,1
DA:21,1
DA:22,7
DA:23,7
DA:24,7
DA:25,7
DA:26,1
DA:27,1
DA:28,1
DA:29,8
DA:30,2
DA:31,8
DA:32,1
DA:33,1
DA:34,1
DA:35,1
DA:36,0
DA:37,1
DA:38,1
DA:39,1
DA:40,1
DA:41,4
DA:42,4
DA:43,4
DA:44,4
DA:45,1
DA:46,1
DA:47,1
DA:48,0
DA:49,0
DA:50,1
DA:51,1
DA:52,1
DA:53,1
DA:54,1
DA:55,1
DA:56,1
DA:57,1
DA:58,1
DA:59,4
DA:60,4
DA:61,4
DA:62,4
DA:63,4
DA:64,4
DA:65,1
DA:66,1
DA:67,4
DA:68,0
DA:69,0
DA:70,0
DA:71,0
DA:72,0
DA:73,0
DA:74,1
DA:75,1
DA:76,1
DA:77,1
DA:78,1
DA:79,1
DA:80,1
DA:81,1
DA:82,1
DA:83,1
DA:84,1
DA:85,1
DA:86,1
DA:87,1
DA:88,1
DA:89,1
DA:90,1
DA:91,1
DA:92,1
DA:93,1
DA:94,1
DA:95,1
DA:96,1
DA:97,1
DA:98,3
DA:99,3
DA:100,3
DA:101,3
DA:102,3
DA:103,2
DA:104,1
DA:105,1
DA:106,1
DA:107,2
DA:108,2
DA:109,2
DA:110,2
DA:111,2
DA:112,2
DA:113,2
DA:114,2
DA:115,2
DA:116,2
DA:117,1
DA:118,1
DA:119,1
DA:120,1
DA:121,1
DA:122,2
DA:123,2
DA:124,2
DA:125,2
DA:126,2
DA:127,2
DA:128,2
DA:129,1
DA:130,1
DA:131,1
DA:132,1
DA:133,1
DA:134,2
DA:135,2
DA:136,2
DA:137,2
DA:138,2
DA:139,2
DA:140,2
DA:141,1
DA:142,1
DA:143,1
DA:144,1
DA:145,1
DA:146,1
DA:147,1
DA:148,1
DA:149,1
DA:150,1
DA:151,1
DA:152,1
DA:153,1
DA:154,1
DA:155,1
DA:156,1
DA:157,1
DA:158,1
DA:159,1
DA:160,1
DA:161,1
DA:162,1
DA:163,1
DA:164,1
DA:165,1
DA:166,1
DA:167,1
DA:168,1
DA:169,1
DA:170,0
DA:171,0
DA:172,0
DA:173,1
DA:174,1
DA:175,1
DA:176,16
DA:177,16
DA:178,16
DA:179,16
DA:180,15
DA:181,16
DA:182,16
DA:183,16
DA:184,16
DA:185,16
DA:186,16
DA:187,16
DA:188,1
DA:189,1
DA:190,1
DA:191,1
DA:192,1
DA:193,4
DA:194,4
DA:195,4
DA:196,4
DA:197,4
DA:198,4
DA:199,4
DA:200,1
DA:201,1
DA:202,1
DA:203,1
DA:204,1
DA:205,4
DA:206,4
DA:207,1
DA:208,1
DA:209,1
DA:210,1
DA:211,1
DA:212,1
DA:213,0
DA:214,0
DA:215,0
DA:216,1
DA:217,1
DA:218,1
DA:219,1
DA:220,1
DA:221,4
DA:222,4
DA:223,4
DA:224,4
DA:225,3
DA:226,3
DA:227,3
DA:228,3
DA:229,3
DA:230,3
DA:231,3
DA:232,3
DA:233,3
DA:234,3
DA:235,0
DA:236,0
DA:237,0
DA:238,3
DA:239,1
DA:240,1
DA:241,1
DA:242,4
DA:243,4
DA:244,4
DA:245,4
DA:246,4
DA:247,4
DA:248,4
DA:249,1
DA:250,1
DA:251,1
DA:252,21
DA:253,21
DA:254,21
DA:255,21
DA:256,4
DA:257,4
DA:258,21
DA:259,16
DA:260,16
DA:261,21
DA:262,1
DA:263,1
DA:264,1
DA:265,1
DA:266,1
LH:248
LF:266
end_of_record
SF:src\dynamodb.js
FNF:0
FNH:0
BRDA:1,0,0,1
BRF:1
BRH:1
DA:1,1
DA:2,1
DA:3,1
DA:4,1
DA:5,1
DA:6,1
DA:7,1
DA:8,1
DA:9,1
DA:10,1
DA:11,1
LH:11
LF:11
end_of_record
SF:src\logger.js
FN:2,info
FN:5,error
FN:8,warn
FNDA:31,info
FNDA:1,error
FNDA:0,warn
FNF:3
FNH:2
BRDA:1,0,0,1
BRDA:2,1,0,31
BRDA:5,2,0,1
BRF:3
BRH:3
DA:1,1
DA:2,1
DA:3,31
DA:4,1
DA:5,1
DA:6,1
DA:7,1
DA:8,1
DA:9,0
DA:10,0
DA:11,1
LH:9
LF:11
end_of_record
SF:src\sns.js
FN:6,publishEvent
FNDA:5,publishEvent
FNF:1
FNH:1
BRDA:1,0,0,1
BRDA:6,1,0,5
BRDA:18,2,0,0
BRF:3
BRH:2
DA:1,1
DA:2,1
DA:3,1
DA:4,1
DA:5,1
DA:6,1
DA:7,5
DA:8,5
DA:9,5
DA:10,5
DA:11,5
DA:12,5
DA:13,5
DA:14,5
DA:15,5
DA:16,5
DA:17,5
DA:18,5
DA:19,0
DA:20,0
DA:21,0
DA:22,1
LH:19
LF:22
end_of_record
