TN:
SF:handler.js
FN:6,handler
FNDA:6,handler
FNF:1
FNH:1
BRDA:1,0,0,1
BRDA:6,1,0,6
BRDA:10,2,0,4
BRDA:12,3,0,1
BRDA:13,4,0,3
BRDA:14,5,0,1
BRDA:14,6,0,3
BRDA:24,7,0,3
BRDA:29,8,0,1
BRDA:31,9,0,0
BRDA:48,10,0,2
BRDA:52,11,0,1
BRDA:56,12,0,1
BRF:13
BRH:12
DA:1,1
DA:2,1
DA:3,1
DA:4,1
DA:5,1
DA:6,1
DA:7,6
DA:8,6
DA:9,6
DA:10,6
DA:11,4
DA:12,4
DA:13,4
DA:14,4
DA:15,4
DA:16,4
DA:17,4
DA:18,4
DA:19,4
DA:20,4
DA:21,4
DA:22,4
DA:23,4
DA:24,4
DA:25,3
DA:26,3
DA:27,3
DA:28,3
DA:29,4
DA:30,1
DA:31,1
DA:32,1
DA:33,1
DA:34,1
DA:35,1
DA:36,1
DA:37,1
DA:38,1
DA:39,1
DA:40,1
DA:41,1
DA:42,1
DA:43,1
DA:44,1
DA:45,1
DA:46,1
DA:47,1
DA:48,4
DA:49,2
DA:50,2
DA:51,4
DA:52,4
DA:53,1
DA:54,1
DA:55,4
DA:56,6
DA:57,1
DA:58,1
DA:59,6
DA:60,6
DA:61,6
DA:62,1
LH:62
LF:62
end_of_record
