TN:
SF:handler.js
FN:22,buildResponse
FN:28,getExtension
FN:33,handleHealthCheck
FN:37,handleUploadUrl
FN:59,handleDownloadUrl
FN:71,handleDeleteMedia
FN:87,handler
FNDA:11,buildResponse
FNDA:1,getExtension
FNDA:1,handleHealthCheck
FNDA:3,handleUploadUrl
FNDA:2,handleDownloadUrl
FNDA:4,handleDeleteMedia
FNDA:12,handler
FNF:7
FNH:7
BRDA:1,0,0,1
BRDA:22,1,0,11
BRDA:28,2,0,1
BRDA:30,3,0,0
BRDA:33,4,0,1
BRDA:37,5,0,3
BRDA:38,6,0,1
BRDA:38,7,0,2
BRDA:41,8,0,0
BRDA:41,9,0,2
BRDA:44,10,0,1
BRDA:44,11,0,1
BRDA:45,12,0,0
BRDA:45,13,0,1
BRDA:46,14,0,0
BRDA:46,15,0,1
BRDA:59,16,0,2
BRDA:60,17,0,1
BRDA:62,18,0,1
BRDA:71,19,0,4
BRDA:72,20,0,0
BRDA:75,21,0,1
BRDA:75,22,0,3
BRDA:78,23,0,1
BRDA:78,24,0,2
BRDA:81,25,0,1
BRDA:87,26,0,12
BRDA:91,27,0,0
BRDA:92,28,0,0
BRDA:94,29,0,1
BRDA:96,30,0,11
BRDA:99,31,0,4
BRDA:99,32,0,1
BRDA:99,33,0,10
BRDA:100,34,0,3
BRDA:100,35,0,3
BRDA:100,36,0,7
BRDA:101,37,0,3
BRDA:101,38,0,2
BRDA:101,39,0,5
BRDA:102,40,0,4
BRDA:102,41,0,4
BRDA:102,42,0,1
BRF:43
BRH:36
DA:1,1
DA:2,1
DA:3,1
DA:4,1
DA:5,1
DA:6,1
DA:7,1
DA:8,1
DA:9,1
DA:10,1
DA:11,1
DA:12,1
DA:13,1
DA:14,1
DA:15,1
DA:16,1
DA:17,1
DA:18,1
DA:19,1
DA:20,1
DA:21,1
DA:22,1
DA:23,11
DA:24,11
DA:25,11
DA:26,1
DA:27,1
DA:28,1
DA:29,1
DA:30,1
DA:31,1
DA:32,1
DA:33,1
DA:34,1
DA:35,1
DA:36,1
DA:37,1
DA:38,3
DA:39,2
DA:40,2
DA:41,3
DA:42,2
DA:43,2
DA:44,3
DA:45,3
DA:46,3
DA:47,1
DA:48,1
DA:49,1
DA:50,1
DA:51,1
DA:52,1
DA:53,1
DA:54,1
DA:55,1
DA:56,1
DA:57,1
DA:58,1
DA:59,1
DA:60,2
DA:61,2
DA:62,2
DA:63,1
DA:64,1
DA:65,1
DA:66,1
DA:67,1
DA:68,1
DA:69,1
DA:70,1
DA:71,1
DA:72,4
DA:73,4
DA:74,4
DA:75,4
DA:76,3
DA:77,3
DA:78,4
DA:79,2
DA:80,2
DA:81,2
DA:82,1
DA:83,1
DA:84,1
DA:85,1
DA:86,1
DA:87,1
DA:88,12
DA:89,12
DA:90,12
DA:91,12
DA:92,12
DA:93,12
DA:94,12
DA:95,1
DA:96,1
DA:97,11
DA:98,11
DA:99,12
DA:100,12
DA:101,12
DA:102,12
DA:103,1
DA:104,1
DA:105,1
DA:106,1
DA:107,1
DA:108,1
DA:109,1
DA:110,1
DA:111,1
LH:111
LF:111
end_of_record
SF:src\logger.js
FN:1,createLogger
FN:8,formatLog
FN:23,info
FN:24,warn
FN:25,error
FNDA:12,createLogger
FNDA:17,formatLog
FNDA:15,info
FNDA:1,warn
FNDA:1,error
FNF:5
FNH:5
BRDA:1,0,0,1
BRDA:1,1,0,12
BRDA:4,2,0,0
BRDA:4,3,0,0
BRDA:5,4,0,0
BRDA:5,5,0,0
BRDA:8,6,0,17
BRDA:23,7,0,15
BRDA:24,8,0,1
BRDA:25,9,0,1
BRF:10
BRH:6
DA:1,1
DA:2,12
DA:3,12
DA:4,12
DA:5,12
DA:6,12
DA:7,12
DA:8,12
DA:9,17
DA:10,17
DA:11,17
DA:12,17
DA:13,17
DA:14,17
DA:15,17
DA:16,17
DA:17,17
DA:18,17
DA:19,17
DA:20,12
DA:21,12
DA:22,12
DA:23,12
DA:24,12
DA:25,12
DA:26,12
DA:27,1
LH:27
LF:27
end_of_record
