TN:
SF:handler.js
FN:22,buildResponse
FN:28,getExtension
FN:33,handler
FNDA:9,buildResponse
FNDA:1,getExtension
FNDA:10,handler
FNF:3
FNH:3
BRDA:1,0,0,1
BRDA:22,1,0,9
BRDA:28,2,0,1
BRDA:30,3,0,0
BRDA:33,4,0,10
BRDA:37,5,0,0
BRDA:38,6,0,0
BRDA:41,7,0,1
BRDA:47,8,0,9
BRDA:51,9,0,4
BRDA:51,10,0,1
BRDA:53,11,0,8
BRDA:56,12,0,3
BRDA:56,13,0,3
BRDA:57,14,0,1
BRDA:59,15,0,2
BRDA:64,16,0,0
BRDA:66,17,0,2
BRDA:70,18,0,1
BRDA:70,19,0,1
BRDA:73,20,0,0
BRDA:75,21,0,1
BRDA:76,22,0,0
BRDA:78,23,0,1
BRDA:94,24,0,5
BRDA:97,25,0,3
BRDA:97,26,0,2
BRDA:98,27,0,1
BRDA:101,28,0,1
BRDA:114,29,0,3
BRDA:117,30,0,2
BRDA:117,31,0,2
BRDA:118,32,0,0
BRDA:125,33,0,0
BRDA:130,34,0,1
BRDA:143,35,0,1
BRDA:149,36,0,0
BRF:37
BRH:28
DA:1,1
DA:2,1
DA:3,1
DA:4,1
DA:5,1
DA:6,1
DA:7,1
DA:8,1
DA:9,1
DA:10,1
DA:11,1
DA:12,1
DA:13,1
DA:14,1
DA:15,1
DA:16,1
DA:17,1
DA:18,1
DA:19,1
DA:20,1
DA:21,1
DA:22,1
DA:23,9
DA:24,9
DA:25,9
DA:26,1
DA:27,1
DA:28,1
DA:29,1
DA:30,1
DA:31,1
DA:32,1
DA:33,1
DA:34,10
DA:35,10
DA:36,10
DA:37,10
DA:38,10
DA:39,10
DA:40,10
DA:41,10
DA:42,1
DA:43,1
DA:44,1
DA:45,1
DA:46,1
DA:47,1
DA:48,9
DA:49,9
DA:50,9
DA:51,10
DA:52,1
DA:53,1
DA:54,8
DA:55,8
DA:56,10
DA:57,3
DA:58,1
DA:59,1
DA:60,2
DA:61,2
DA:62,2
DA:63,2
DA:64,3
DA:65,0
DA:66,0
DA:67,2
DA:68,2
DA:69,2
DA:70,3
DA:71,1
DA:72,1
DA:73,3
DA:74,0
DA:75,0
DA:76,3
DA:77,0
DA:78,0
DA:79,1
DA:80,1
DA:81,1
DA:82,1
DA:83,1
DA:84,1
DA:85,1
DA:86,1
DA:87,1
DA:88,1
DA:89,1
DA:90,1
DA:91,1
DA:92,1
DA:93,1
DA:94,1
DA:95,5
DA:96,5
DA:97,10
DA:98,2
DA:99,2
DA:100,2
DA:101,2
DA:102,1
DA:103,1
DA:104,1
DA:105,1
DA:106,1
DA:107,1
DA:108,1
DA:109,1
DA:110,1
DA:111,1
DA:112,1
DA:113,1
DA:114,1
DA:115,3
DA:116,3
DA:117,10
DA:118,2
DA:119,0
DA:120,0
DA:121,2
DA:122,2
DA:123,2
DA:124,2
DA:125,2
DA:126,0
DA:127,0
DA:128,2
DA:129,2
DA:130,2
DA:131,1
DA:132,1
DA:133,1
DA:134,1
DA:135,1
DA:136,1
DA:137,1
DA:138,1
DA:139,1
DA:140,1
DA:141,1
DA:142,1
DA:143,1
DA:144,1
DA:145,1
DA:146,1
DA:147,1
DA:148,1
DA:149,10
DA:150,0
DA:151,0
DA:152,0
DA:153,1
LH:140
LF:153
end_of_record
SF:src\logger.js
FN:1,createLogger
FN:8,formatLog
FN:23,info
FN:24,warn
FN:25,error
FNDA:10,createLogger
FNDA:14,formatLog
FNDA:13,info
FNDA:1,warn
FNDA:0,error
FNF:5
FNH:4
BRDA:1,0,0,1
BRDA:1,1,0,10
BRDA:4,2,0,0
BRDA:4,3,0,0
BRDA:5,4,0,0
BRDA:5,5,0,0
BRDA:8,6,0,14
BRDA:23,7,0,13
BRDA:24,8,0,1
BRF:9
BRH:5
DA:1,1
DA:2,10
DA:3,10
DA:4,10
DA:5,10
DA:6,10
DA:7,10
DA:8,10
DA:9,14
DA:10,14
DA:11,14
DA:12,14
DA:13,14
DA:14,14
DA:15,14
DA:16,14
DA:17,14
DA:18,14
DA:19,14
DA:20,10
DA:21,10
DA:22,10
DA:23,10
DA:24,10
DA:25,10
DA:26,10
DA:27,1
LH:27
LF:27
end_of_record
