TN:
SF:handler.js
FN:10,createResponse
FN:21,parseBody
FN:28,getPaymentId
FN:34,getOrderIdFromPayment
FN:43,handleApiGatewayEvent
FN:324,handleSqsEvent
FN:438,handler
FNDA:29,createResponse
FNDA:16,parseBody
FNDA:9,getPaymentId
FNDA:3,getOrderIdFromPayment
FNDA:28,handleApiGatewayEvent
FNDA:8,handleSqsEvent
FNDA:37,handler
FNF:7
FNH:7
BRDA:1,0,0,1
BRDA:10,1,0,29
BRDA:21,2,0,16
BRDA:22,3,0,0
BRDA:23,4,0,0
BRDA:25,5,0,3
BRDA:28,6,0,9
BRDA:29,7,0,7
BRDA:29,8,0,7
BRDA:29,9,0,2
BRDA:31,10,0,0
BRDA:31,11,0,0
BRDA:31,12,0,0
BRDA:31,13,0,2
BRDA:34,14,0,3
BRDA:35,15,0,2
BRDA:35,16,0,2
BRDA:37,17,0,1
BRDA:40,18,0,0
BRDA:40,19,0,1
BRDA:43,20,0,28
BRDA:44,21,0,0
BRDA:44,22,0,0
BRDA:44,23,0,0
BRDA:45,24,0,0
BRDA:45,25,0,0
BRDA:47,26,0,1
BRDA:47,27,0,27
BRDA:50,28,0,3
BRDA:50,29,0,3
BRDA:52,30,0,1
BRDA:52,31,0,2
BRDA:54,32,0,1
BRDA:54,33,0,1
BRDA:54,34,0,1
BRDA:54,35,0,1
BRDA:54,36,0,1
BRDA:71,37,0,1
BRDA:74,38,0,24
BRDA:78,39,0,8
BRDA:78,40,0,8
BRDA:80,41,0,1
BRDA:80,42,0,7
BRDA:83,43,0,6
BRDA:83,44,0,1
BRDA:85,45,0,6
BRDA:90,46,0,1
BRDA:90,47,0,5
BRDA:92,48,0,1
BRDA:94,49,0,4
BRDA:104,50,0,3
BRDA:107,51,0,1
BRDA:108,52,0,0
BRDA:109,53,0,2
BRDA:109,54,0,1
BRDA:110,55,0,0
BRDA:111,56,0,1
BRDA:112,57,0,0
BRDA:113,58,0,3
BRDA:116,59,0,1
BRDA:119,60,0,0
BRDA:122,61,0,16
BRDA:125,62,0,3
BRDA:125,63,0,3
BRDA:127,64,0,1
BRDA:133,65,0,2
BRDA:138,66,0,1
BRDA:144,67,0,2
BRDA:156,68,0,0
BRDA:157,69,0,0
BRDA:159,70,0,1
BRDA:162,71,0,1
BRDA:164,72,0,13
BRDA:167,73,0,12
BRDA:167,74,0,9
BRDA:167,75,0,9
BRDA:167,76,0,9
BRDA:167,77,0,3
BRDA:169,78,0,1
BRDA:169,79,0,2
BRDA:172,80,0,1
BRDA:174,81,0,10
BRDA:178,82,0,3
BRDA:180,83,0,3
BRDA:184,84,0,1
BRDA:188,85,0,2
BRDA:202,86,0,1
BRDA:212,87,0,7
BRDA:216,88,0,6
BRDA:217,89,0,6
BRDA:218,90,0,6
BRDA:220,91,0,6
BRDA:226,92,0,1
BRDA:230,93,0,5
BRDA:236,94,0,1
BRDA:240,95,0,4
BRDA:251,96,0,1
BRDA:255,97,0,3
BRDA:257,98,0,1
BRDA:261,99,0,2
BRDA:270,100,0,2
BRDA:274,101,0,0
BRDA:286,102,0,2
BRDA:290,103,0,1
BRDA:290,104,0,1
BRDA:300,105,0,2
BRDA:302,106,0,1
BRDA:313,107,0,2
BRDA:319,108,0,1
BRDA:324,109,0,8
BRDA:326,110,0,0
BRDA:328,111,0,0
BRDA:333,112,0,4
BRDA:334,113,0,0
BRDA:335,114,0,3
BRDA:335,115,0,3
BRDA:335,116,0,1
BRDA:335,117,0,3
BRDA:359,118,0,1
BRDA:360,119,0,2
BRDA:361,120,0,1
BRDA:367,121,0,6
BRDA:369,122,0,4
BRDA:373,123,0,1
BRDA:375,124,0,3
BRDA:389,125,0,1
BRDA:394,126,0,2
BRDA:398,127,0,1
BRDA:400,128,0,1
BRDA:425,129,0,0
BRDA:429,130,0,1
BRDA:435,131,0,7
BRDA:438,132,0,37
BRDA:441,133,0,1
BRDA:441,134,0,36
BRDA:442,135,0,8
BRDA:442,136,0,8
BRDA:442,137,0,8
BRDA:443,138,0,7
BRDA:445,139,0,28
BRDA:448,140,0,1
BRDA:450,141,0,0
BRF:142
BRH:119
DA:1,1
DA:2,1
DA:3,1
DA:4,1
DA:5,1
DA:6,1
DA:7,1
DA:8,1
DA:9,1
DA:10,1
DA:11,29
DA:12,29
DA:13,29
DA:14,29
DA:15,29
DA:16,29
DA:17,29
DA:18,29
DA:19,1
DA:20,1
DA:21,1
DA:22,16
DA:23,16
DA:24,16
DA:25,16
DA:26,1
DA:27,1
DA:28,1
DA:29,9
DA:30,2
DA:31,9
DA:32,1
DA:33,1
DA:34,1
DA:35,3
DA:36,2
DA:37,2
DA:38,1
DA:39,1
DA:40,3
DA:41,1
DA:42,1
DA:43,1
DA:44,28
DA:45,28
DA:46,28
DA:47,28
DA:48,27
DA:49,27
DA:50,28
DA:51,3
DA:52,3
DA:53,2
DA:54,3
DA:55,1
DA:56,1
DA:57,1
DA:58,1
DA:59,1
DA:60,1
DA:61,1
DA:62,1
DA:63,1
DA:64,1
DA:65,1
DA:66,3
DA:67,3
DA:68,3
DA:69,3
DA:70,3
DA:71,3
DA:72,1
DA:73,1
DA:74,1
DA:75,24
DA:76,24
DA:77,24
DA:78,28
DA:79,8
DA:80,8
DA:81,7
DA:82,7
DA:83,8
DA:84,1
DA:85,1
DA:86,6
DA:87,6
DA:88,6
DA:89,6
DA:90,8
DA:91,5
DA:92,8
DA:93,1
DA:94,1
DA:95,4
DA:96,4
DA:97,4
DA:98,4
DA:99,4
DA:100,4
DA:101,4
DA:102,4
DA:103,4
DA:104,4
DA:105,3
DA:106,3
DA:107,8
DA:108,1
DA:109,8
DA:110,1
DA:111,2
DA:112,1
DA:113,1
DA:114,3
DA:115,3
DA:116,8
DA:117,1
DA:118,1
DA:119,1
DA:120,0
DA:121,0
DA:122,8
DA:123,16
DA:124,16
DA:125,28
DA:126,3
DA:127,3
DA:128,3
DA:129,3
DA:130,3
DA:131,3
DA:132,3
DA:133,3
DA:134,2
DA:135,2
DA:136,2
DA:137,2
DA:138,2
DA:139,1
DA:140,1
DA:141,1
DA:142,1
DA:143,1
DA:144,2
DA:145,2
DA:146,2
DA:147,2
DA:148,2
DA:149,2
DA:150,2
DA:151,2
DA:152,2
DA:153,2
DA:154,2
DA:155,2
DA:156,3
DA:157,3
DA:158,3
DA:159,3
DA:160,1
DA:161,1
DA:162,3
DA:163,3
DA:164,3
DA:165,13
DA:166,13
DA:167,28
DA:168,3
DA:169,3
DA:170,2
DA:171,2
DA:172,3
DA:173,1
DA:174,1
DA:175,10
DA:176,10
DA:177,10
DA:178,28
DA:179,3
DA:180,28
DA:181,3
DA:182,3
DA:183,3
DA:184,3
DA:185,1
DA:186,1
DA:187,1
DA:188,1
DA:189,2
DA:190,2
DA:191,2
DA:192,2
DA:193,2
DA:194,2
DA:195,2
DA:196,2
DA:197,2
DA:198,2
DA:199,2
DA:200,2
DA:201,2
DA:202,3
DA:203,1
DA:204,1
DA:205,1
DA:206,1
DA:207,1
DA:208,1
DA:209,1
DA:210,1
DA:211,1
DA:212,1
DA:213,7
DA:214,7
DA:215,7
DA:216,28
DA:217,28
DA:218,28
DA:219,6
DA:220,28
DA:221,6
DA:222,6
DA:223,6
DA:224,6
DA:225,6
DA:226,6
DA:227,1
DA:228,1
DA:229,1
DA:230,1
DA:231,5
DA:232,5
DA:233,5
DA:234,5
DA:235,5
DA:236,6
DA:237,1
DA:238,1
DA:239,1
DA:240,1
DA:241,4
DA:242,4
DA:243,4
DA:244,4
DA:245,4
DA:246,4
DA:247,4
DA:248,4
DA:249,4
DA:250,4
DA:251,6
DA:252,1
DA:253,1
DA:254,1
DA:255,1
DA:256,3
DA:257,6
DA:258,1
DA:259,1
DA:260,1
DA:261,1
DA:262,2
DA:263,2
DA:264,2
DA:265,2
DA:266,2
DA:267,6
DA:268,6
DA:269,6
DA:270,6
DA:271,6
DA:272,6
DA:273,6
DA:274,6
DA:275,6
DA:276,6
DA:277,6
DA:278,6
DA:279,6
DA:280,6
DA:281,6
DA:282,6
DA:283,6
DA:284,6
DA:285,6
DA:286,6
DA:287,2
DA:288,2
DA:289,2
DA:290,6
DA:291,1
DA:292,1
DA:293,1
DA:294,1
DA:295,1
DA:296,1
DA:297,1
DA:298,1
DA:299,1
DA:300,1
DA:301,2
DA:302,6
DA:303,1
DA:304,1
DA:305,1
DA:306,1
DA:307,1
DA:308,1
DA:309,1
DA:310,1
DA:311,1
DA:312,1
DA:313,1
DA:314,2
DA:315,2
DA:316,2
DA:317,2
DA:318,2
DA:319,2
DA:320,1
DA:321,1
DA:322,1
DA:323,1
DA:324,1
DA:325,8
DA:326,8
DA:327,8
DA:328,8
DA:329,8
DA:330,8
DA:331,8
DA:332,8
DA:333,8
DA:334,4
DA:335,4
DA:336,3
DA:337,3
DA:338,3
DA:339,3
DA:340,3
DA:341,3
DA:342,3
DA:343,3
DA:344,3
DA:345,3
DA:346,3
DA:347,3
DA:348,3
DA:349,3
DA:350,3
DA:351,3
DA:352,3
DA:353,3
DA:354,3
DA:355,3
DA:356,3
DA:357,3
DA:358,3
DA:359,3
DA:360,4
DA:361,2
DA:362,1
DA:363,1
DA:364,1
DA:365,1
DA:366,2
DA:367,4
DA:368,6
DA:369,8
DA:370,4
DA:371,4
DA:372,4
DA:373,4
DA:374,1
DA:375,1
DA:376,3
DA:377,3
DA:378,3
DA:379,3
DA:380,3
DA:381,3
DA:382,3
DA:383,3
DA:384,3
DA:385,3
DA:386,3
DA:387,3
DA:388,3
DA:389,4
DA:390,1
DA:391,1
DA:392,1
DA:393,1
DA:394,1
DA:395,2
DA:396,2
DA:397,2
DA:398,4
DA:399,1
DA:400,4
DA:401,1
DA:402,1
DA:403,1
DA:404,1
DA:405,1
DA:406,1
DA:407,1
DA:408,1
DA:409,1
DA:410,1
DA:411,1
DA:412,1
DA:413,1
DA:414,1
DA:415,1
DA:416,1
DA:417,1
DA:418,1
DA:419,1
DA:420,1
DA:421,1
DA:422,1
DA:423,1
DA:424,1
DA:425,4
DA:426,0
DA:427,0
DA:428,0
DA:429,0
DA:430,1
DA:431,1
DA:432,1
DA:433,1
DA:434,1
DA:435,8
DA:436,1
DA:437,1
DA:438,1
DA:439,37
DA:440,37
DA:441,37
DA:442,37
DA:443,8
DA:444,7
DA:445,37
DA:446,28
DA:447,28
DA:448,37
DA:449,1
DA:450,1
DA:451,0
DA:452,0
DA:453,1
LH:445
LF:453
end_of_record
SF:src\dynamodb.js
FNF:0
FNH:0
BRDA:1,0,0,1
BRF:1
BRH:1
DA:1,1
DA:2,1
DA:3,1
DA:4,1
DA:5,1
DA:6,1
DA:7,1
DA:8,1
DA:9,1
DA:10,1
LH:10
LF:10
end_of_record
SF:src\logger.js
FN:2,info
FN:3,warn
FN:4,error
FNDA:42,info
FNDA:4,warn
FNDA:2,error
FNF:3
FNH:3
BRDA:1,0,0,1
BRDA:2,1,0,42
BRDA:3,2,0,4
BRDA:4,3,0,2
BRF:4
BRH:4
DA:1,1
DA:2,1
DA:3,1
DA:4,1
DA:5,1
LH:5
LF:5
end_of_record
SF:src\sns.js
FN:6,publishEvent
FNDA:4,publishEvent
FNF:1
FNH:1
BRDA:1,0,0,1
BRDA:6,1,0,4
BRDA:7,2,0,2
BRDA:24,3,0,1
BRF:4
BRH:4
DA:1,1
DA:2,1
DA:3,1
DA:4,1
DA:5,1
DA:6,1
DA:7,4
DA:8,2
DA:9,2
DA:10,2
DA:11,2
DA:12,2
DA:13,2
DA:14,2
DA:15,2
DA:16,2
DA:17,2
DA:18,2
DA:19,2
DA:20,2
DA:21,2
DA:22,2
DA:23,2
DA:24,2
DA:25,1
DA:26,1
DA:27,1
DA:28,1
DA:29,1
DA:30,1
LH:30
LF:30
end_of_record
