TN:
SF:handler.js
FN:10,createResponse
FN:21,parseBody
FN:28,getPaymentId
FN:34,getOrderIdFromPayment
FN:43,handleInitiatePayment
FN:68,handleWebhook
FN:103,handleGetPayments
FN:122,handleGetPayment
FN:131,handleGetPaymentByOrder
FN:146,handleUpdatePayment
FN:177,handleApiGatewayEvent
FN:193,processOrderCreated
FN:219,processOrderCancelled
FN:244,handleSqsEvent
FN:255,handler
FNDA:32,createResponse
FNDA:17,parseBody
FNDA:11,getPaymentId
FNDA:3,getOrderIdFromPayment
FNDA:4,handleInitiatePayment
FNDA:8,handleWebhook
FNDA:3,handleGetPayments
FNDA:5,handleGetPayment
FNDA:3,handleGetPaymentByOrder
FNDA:6,handleUpdatePayment
FNDA:31,handleApiGatewayEvent
FNDA:4,processOrderCreated
FNDA:4,processOrderCancelled
FNDA:8,handleSqsEvent
FNDA:40,handler
FNF:15
FNH:15
BRDA:1,0,0,1
BRDA:10,1,0,32
BRDA:21,2,0,17
BRDA:22,3,0,0
BRDA:23,4,0,0
BRDA:25,5,0,4
BRDA:28,6,0,11
BRDA:29,7,0,8
BRDA:29,8,0,7
BRDA:29,9,0,4
BRDA:31,10,0,2
BRDA:31,11,0,2
BRDA:31,12,0,2
BRDA:31,13,0,2
BRDA:34,14,0,3
BRDA:35,15,0,2
BRDA:35,16,0,2
BRDA:37,17,0,1
BRDA:40,18,0,0
BRDA:40,19,0,1
BRDA:43,20,0,4
BRDA:45,21,0,2
BRDA:47,22,0,1
BRDA:47,23,0,1
BRDA:47,24,0,1
BRDA:47,25,0,1
BRDA:47,26,0,1
BRDA:64,27,0,1
BRDA:68,28,0,8
BRDA:70,29,0,1
BRDA:70,30,0,7
BRDA:72,31,0,6
BRDA:72,32,0,1
BRDA:74,33,0,6
BRDA:78,34,0,1
BRDA:78,35,0,5
BRDA:80,36,0,1
BRDA:80,37,0,4
BRDA:90,38,0,3
BRDA:92,39,0,1
BRDA:92,40,0,0
BRDA:92,41,0,3
BRDA:93,42,0,1
BRDA:93,43,0,0
BRDA:94,44,0,1
BRDA:94,45,0,0
BRDA:94,46,0,3
BRDA:97,47,0,1
BRDA:98,48,0,0
BRDA:103,49,0,3
BRDA:104,50,0,1
BRDA:108,51,0,2
BRDA:110,52,0,1
BRDA:111,53,0,2
BRDA:116,54,0,0
BRDA:117,55,0,0
BRDA:118,56,0,1
BRDA:118,57,0,1
BRDA:122,58,0,5
BRDA:124,59,0,1
BRDA:124,60,0,4
BRDA:126,61,0,3
BRDA:127,62,0,1
BRDA:127,63,0,2
BRDA:131,64,0,3
BRDA:133,65,0,1
BRDA:133,66,0,2
BRDA:142,67,0,1
BRDA:146,68,0,6
BRDA:148,69,0,1
BRDA:148,70,0,5
BRDA:151,71,0,1
BRDA:151,72,0,4
BRDA:154,73,0,1
BRDA:154,74,0,3
BRDA:155,75,0,1
BRDA:155,76,0,2
BRDA:160,77,0,2
BRDA:161,78,0,0
BRDA:165,79,0,2
BRDA:167,80,0,1
BRDA:167,81,0,1
BRDA:169,82,0,2
BRDA:170,83,0,1
BRDA:172,84,0,2
BRDA:177,85,0,31
BRDA:178,86,0,0
BRDA:178,87,0,0
BRDA:178,88,0,0
BRDA:179,89,0,0
BRDA:179,90,0,0
BRDA:181,91,0,1
BRDA:181,92,0,30
BRDA:183,93,0,4
BRDA:183,94,0,4
BRDA:183,95,0,26
BRDA:184,96,0,8
BRDA:184,97,0,8
BRDA:184,98,0,18
BRDA:185,99,0,3
BRDA:185,100,0,3
BRDA:185,101,0,15
BRDA:186,102,0,14
BRDA:186,103,0,11
BRDA:186,104,0,11
BRDA:186,105,0,11
BRDA:186,106,0,5
BRDA:186,107,0,10
BRDA:187,108,0,3
BRDA:187,109,0,3
BRDA:187,110,0,7
BRDA:188,111,0,6
BRDA:188,112,0,6
BRDA:188,113,0,6
BRDA:188,114,0,6
BRDA:188,115,0,1
BRDA:193,116,0,4
BRDA:194,117,0,0
BRDA:195,118,0,3
BRDA:195,119,0,3
BRDA:195,120,0,1
BRDA:195,121,0,3
BRDA:212,122,0,1
BRDA:213,123,0,2
BRDA:214,124,0,1
BRDA:219,125,0,4
BRDA:221,126,0,1
BRDA:221,127,0,3
BRDA:225,128,0,1
BRDA:228,129,0,2
BRDA:230,130,0,1
BRDA:230,131,0,1
BRDA:240,132,0,0
BRDA:240,133,0,1
BRDA:244,134,0,8
BRDA:246,135,0,0
BRDA:247,136,0,0
BRDA:250,137,0,4
BRDA:250,138,0,7
BRDA:251,139,0,4
BRDA:252,140,0,7
BRDA:255,141,0,40
BRDA:258,142,0,1
BRDA:258,143,0,39
BRDA:259,144,0,8
BRDA:259,145,0,8
BRDA:259,146,0,8
BRDA:260,147,0,7
BRDA:262,148,0,31
BRDA:265,149,0,2
BRDA:267,150,0,1
BRF:151
BRH:132
DA:1,1
DA:2,1
DA:3,1
DA:4,1
DA:5,1
DA:6,1
DA:7,1
DA:8,1
DA:9,1
DA:10,1
DA:11,32
DA:12,32
DA:13,32
DA:14,32
DA:15,32
DA:16,32
DA:17,32
DA:18,32
DA:19,1
DA:20,1
DA:21,1
DA:22,17
DA:23,17
DA:24,17
DA:25,17
DA:26,1
DA:27,1
DA:28,1
DA:29,11
DA:30,4
DA:31,11
DA:32,1
DA:33,1
DA:34,1
DA:35,3
DA:36,2
DA:37,2
DA:38,1
DA:39,1
DA:40,3
DA:41,1
DA:42,1
DA:43,1
DA:44,4
DA:45,4
DA:46,2
DA:47,4
DA:48,1
DA:49,1
DA:50,1
DA:51,1
DA:52,1
DA:53,1
DA:54,1
DA:55,1
DA:56,1
DA:57,1
DA:58,1
DA:59,4
DA:60,4
DA:61,4
DA:62,4
DA:63,4
DA:64,4
DA:65,1
DA:66,1
DA:67,1
DA:68,1
DA:69,8
DA:70,8
DA:71,7
DA:72,8
DA:73,1
DA:74,1
DA:75,6
DA:76,6
DA:77,6
DA:78,8
DA:79,5
DA:80,8
DA:81,4
DA:82,4
DA:83,4
DA:84,4
DA:85,4
DA:86,4
DA:87,4
DA:88,4
DA:89,4
DA:90,4
DA:91,3
DA:92,8
DA:93,3
DA:94,3
DA:95,3
DA:96,3
DA:97,8
DA:98,1
DA:99,0
DA:100,0
DA:101,1
DA:102,1
DA:103,1
DA:104,3
DA:105,3
DA:106,3
DA:107,3
DA:108,3
DA:109,2
DA:110,2
DA:111,2
DA:112,2
DA:113,2
DA:114,2
DA:115,2
DA:116,3
DA:117,3
DA:118,3
DA:119,3
DA:120,1
DA:121,1
DA:122,1
DA:123,5
DA:124,5
DA:125,4
DA:126,4
DA:127,5
DA:128,2
DA:129,1
DA:130,1
DA:131,1
DA:132,3
DA:133,3
DA:134,2
DA:135,2
DA:136,2
DA:137,2
DA:138,2
DA:139,2
DA:140,2
DA:141,2
DA:142,3
DA:143,1
DA:144,1
DA:145,1
DA:146,1
DA:147,6
DA:148,6
DA:149,5
DA:150,5
DA:151,6
DA:152,4
DA:153,4
DA:154,6
DA:155,6
DA:156,2
DA:157,2
DA:158,2
DA:159,6
DA:160,6
DA:161,6
DA:162,6
DA:163,6
DA:164,6
DA:165,6
DA:166,2
DA:167,6
DA:168,1
DA:169,1
DA:170,6
DA:171,1
DA:172,1
DA:173,2
DA:174,2
DA:175,1
DA:176,1
DA:177,1
DA:178,31
DA:179,31
DA:180,31
DA:181,31
DA:182,30
DA:183,31
DA:184,31
DA:185,31
DA:186,31
DA:187,31
DA:188,31
DA:189,1
DA:190,1
DA:191,1
DA:192,1
DA:193,1
DA:194,4
DA:195,4
DA:196,3
DA:197,3
DA:198,3
DA:199,3
DA:200,3
DA:201,3
DA:202,3
DA:203,3
DA:204,3
DA:205,3
DA:206,3
DA:207,3
DA:208,3
DA:209,3
DA:210,3
DA:211,3
DA:212,3
DA:213,4
DA:214,2
DA:215,1
DA:216,2
DA:217,1
DA:218,1
DA:219,1
DA:220,4
DA:221,4
DA:222,3
DA:223,3
DA:224,3
DA:225,4
DA:226,1
DA:227,1
DA:228,1
DA:229,2
DA:230,4
DA:231,1
DA:232,1
DA:233,1
DA:234,1
DA:235,1
DA:236,1
DA:237,1
DA:238,1
DA:239,1
DA:240,4
DA:241,1
DA:242,1
DA:243,1
DA:244,1
DA:245,8
DA:246,8
DA:247,8
DA:248,8
DA:249,8
DA:250,8
DA:251,8
DA:252,8
DA:253,1
DA:254,1
DA:255,1
DA:256,40
DA:257,40
DA:258,40
DA:259,40
DA:260,8
DA:261,7
DA:262,40
DA:263,31
DA:264,31
DA:265,40
DA:266,2
DA:267,2
DA:268,1
DA:269,1
DA:270,1
LH:268
LF:270
end_of_record
SF:src\dynamodb.js
FNF:0
FNH:0
BRDA:1,0,0,1
BRF:1
BRH:1
DA:1,1
DA:2,1
DA:3,1
DA:4,1
DA:5,1
DA:6,1
DA:7,1
DA:8,1
DA:9,1
DA:10,1
LH:10
LF:10
end_of_record
SF:src\logger.js
FN:2,info
FN:3,warn
FN:4,error
FNDA:45,info
FNDA:4,warn
FNDA:3,error
FNF:3
FNH:3
BRDA:1,0,0,1
BRDA:2,1,0,45
BRDA:3,2,0,4
BRDA:4,3,0,3
BRF:4
BRH:4
DA:1,1
DA:2,1
DA:3,1
DA:4,1
DA:5,1
LH:5
LF:5
end_of_record
SF:src\sns.js
FN:6,publishEvent
FNDA:4,publishEvent
FNF:1
FNH:1
BRDA:1,0,0,1
BRDA:6,1,0,4
BRDA:7,2,0,2
BRDA:24,3,0,1
BRF:4
BRH:4
DA:1,1
DA:2,1
DA:3,1
DA:4,1
DA:5,1
DA:6,1
DA:7,4
DA:8,2
DA:9,2
DA:10,2
DA:11,2
DA:12,2
DA:13,2
DA:14,2
DA:15,2
DA:16,2
DA:17,2
DA:18,2
DA:19,2
DA:20,2
DA:21,2
DA:22,2
DA:23,2
DA:24,2
DA:25,1
DA:26,1
DA:27,1
DA:28,1
DA:29,1
DA:30,1
LH:30
LF:30
end_of_record
