TN:
SF:handler.js
FN:7,createResponse
FN:18,parseBody
FN:28,getUserId
FN:35,isAdmin
FN:57,handleApiGatewayEvent
FN:202,anonymous_5
FN:230,handleSqsEvent
FN:289,handler
FNDA:11,createResponse
FNDA:4,parseBody
FNDA:6,getUserId
FNDA:2,isAdmin
FNDA:10,handleApiGatewayEvent
FNDA:8,anonymous_5
FNDA:1,handleSqsEvent
FNDA:12,handler
FNF:8
FNH:8
BRDA:1,0,0,1
BRDA:7,1,0,11
BRDA:18,2,0,4
BRDA:19,3,0,0
BRDA:20,4,0,0
BRDA:23,5,0,0
BRDA:28,6,0,6
BRDA:29,7,0,0
BRDA:30,8,0,0
BRDA:32,9,0,0
BRDA:35,10,0,2
BRDA:37,11,0,0
BRDA:37,12,0,0
BRDA:38,13,0,0
BRDA:38,14,0,0
BRDA:41,15,0,1
BRDA:41,16,0,1
BRDA:42,17,0,0
BRDA:44,18,0,1
BRDA:48,19,0,0
BRDA:57,20,0,10
BRDA:58,21,0,0
BRDA:58,22,0,0
BRDA:58,23,0,0
BRDA:59,24,0,0
BRDA:59,25,0,0
BRDA:62,26,0,1
BRDA:64,27,0,9
BRDA:67,28,0,2
BRDA:67,29,0,2
BRDA:68,30,0,1
BRDA:74,31,0,7
BRDA:77,32,0,6
BRDA:77,33,0,2
BRDA:100,34,0,1
BRDA:103,35,0,0
BRDA:104,36,0,0
BRDA:109,37,0,0
BRDA:109,38,0,0
BRDA:110,39,0,0
BRDA:136,40,0,0
BRDA:159,41,0,0
BRDA:165,42,0,1
BRDA:174,43,0,0
BRDA:184,44,0,5
BRDA:187,45,0,4
BRDA:187,46,0,4
BRDA:191,47,0,0
BRDA:197,48,0,0
BRDA:204,49,0,2
BRDA:210,50,0,1
BRDA:216,51,0,0
BRDA:217,52,0,1
BRDA:218,53,0,1
BRDA:222,54,0,1
BRDA:225,55,0,1
BRDA:202,56,0,8
BRDA:230,57,0,1
BRDA:234,58,0,0
BRDA:235,59,0,0
BRDA:241,60,0,0
BRDA:248,61,0,0
BRDA:257,62,0,0
BRDA:281,63,0,0
BRDA:289,64,0,12
BRDA:293,65,0,1
BRDA:293,66,0,11
BRDA:296,67,0,1
BRDA:296,68,0,1
BRDA:296,69,0,1
BRDA:299,70,0,10
BRDA:302,71,0,0
BRF:72
BRH:37
DA:1,1
DA:2,1
DA:3,1
DA:4,1
DA:5,1
DA:6,1
DA:7,1
DA:8,11
DA:9,11
DA:10,11
DA:11,11
DA:12,11
DA:13,11
DA:14,11
DA:15,11
DA:16,1
DA:17,1
DA:18,1
DA:19,4
DA:20,4
DA:21,4
DA:22,4
DA:23,4
DA:24,0
DA:25,0
DA:26,1
DA:27,1
DA:28,1
DA:29,6
DA:30,6
DA:31,0
DA:32,6
DA:33,1
DA:34,1
DA:35,1
DA:36,2
DA:37,2
DA:38,2
DA:39,2
DA:40,2
DA:41,2
DA:42,2
DA:43,2
DA:44,2
DA:45,1
DA:46,1
DA:47,1
DA:48,1
DA:49,0
DA:50,0
DA:51,0
DA:52,0
DA:53,0
DA:54,0
DA:55,1
DA:56,1
DA:57,1
DA:58,10
DA:59,10
DA:60,10
DA:61,10
DA:62,10
DA:63,1
DA:64,1
DA:65,9
DA:66,9
DA:67,10
DA:68,2
DA:69,1
DA:70,1
DA:71,1
DA:72,1
DA:73,1
DA:74,1
DA:75,7
DA:76,7
DA:77,10
DA:78,2
DA:79,2
DA:80,2
DA:81,2
DA:82,2
DA:83,2
DA:84,2
DA:85,2
DA:86,2
DA:87,2
DA:88,2
DA:89,2
DA:90,2
DA:91,2
DA:92,2
DA:93,2
DA:94,2
DA:95,2
DA:96,2
DA:97,2
DA:98,2
DA:99,2
DA:100,2
DA:101,1
DA:102,1
DA:103,1
DA:104,1
DA:105,1
DA:106,1
DA:107,1
DA:108,1
DA:109,1
DA:110,1
DA:111,0
DA:112,0
DA:113,0
DA:114,0
DA:115,0
DA:116,0
DA:117,0
DA:118,0
DA:119,0
DA:120,0
DA:121,0
DA:122,0
DA:123,1
DA:124,1
DA:125,1
DA:126,1
DA:127,1
DA:128,1
DA:129,1
DA:130,1
DA:131,1
DA:132,1
DA:133,1
DA:134,1
DA:135,1
DA:136,1
DA:137,0
DA:138,0
DA:139,0
DA:140,1
DA:141,1
DA:142,1
DA:143,1
DA:144,1
DA:145,1
DA:146,1
DA:147,1
DA:148,1
DA:149,1
DA:150,1
DA:151,1
DA:152,1
DA:153,1
DA:154,1
DA:155,1
DA:156,1
DA:157,1
DA:158,1
DA:159,1
DA:160,0
DA:161,0
DA:162,0
DA:163,0
DA:164,0
DA:165,1
DA:166,1
DA:167,1
DA:168,1
DA:169,1
DA:170,1
DA:171,1
DA:172,1
DA:173,1
DA:174,2
DA:175,0
DA:176,0
DA:177,0
DA:178,0
DA:179,0
DA:180,0
DA:181,0
DA:182,0
DA:183,0
DA:184,2
DA:185,5
DA:186,5
DA:187,10
DA:188,4
DA:189,4
DA:190,4
DA:191,4
DA:192,0
DA:193,0
DA:194,4
DA:195,4
DA:196,4
DA:197,4
DA:198,0
DA:199,0
DA:200,4
DA:201,4
DA:202,4
DA:203,4
DA:204,4
DA:205,2
DA:206,2
DA:207,2
DA:208,2
DA:209,2
DA:210,4
DA:211,1
DA:212,1
DA:213,1
DA:214,1
DA:215,1
DA:216,4
DA:217,4
DA:218,4
DA:219,4
DA:220,4
DA:221,4
DA:222,4
DA:223,1
DA:224,1
DA:225,1
DA:226,1
DA:227,1
DA:228,1
DA:229,1
DA:230,1
DA:231,1
DA:232,1
DA:233,1
DA:234,1
DA:235,1
DA:236,0
DA:237,0
DA:238,0
DA:239,1
DA:240,1
DA:241,1
DA:242,1
DA:243,1
DA:244,1
DA:245,1
DA:246,1
DA:247,1
DA:248,1
DA:249,0
DA:250,0
DA:251,0
DA:252,1
DA:253,1
DA:254,1
DA:255,1
DA:256,1
DA:257,1
DA:258,1
DA:259,1
DA:260,1
DA:261,1
DA:262,1
DA:263,1
DA:264,1
DA:265,1
DA:266,1
DA:267,1
DA:268,1
DA:269,1
DA:270,1
DA:271,1
DA:272,1
DA:273,1
DA:274,1
DA:275,1
DA:276,1
DA:277,1
DA:278,1
DA:279,1
DA:280,1
DA:281,1
DA:282,0
DA:283,0
DA:284,0
DA:285,1
DA:286,1
DA:287,1
DA:288,1
DA:289,1
DA:290,12
DA:291,12
DA:292,12
DA:293,12
DA:294,11
DA:295,11
DA:296,12
DA:297,1
DA:298,1
DA:299,12
DA:300,10
DA:301,10
DA:302,12
DA:303,0
DA:304,0
DA:305,0
DA:306,1
LH:252
LF:306
end_of_record
SF:src\dynamodb.js
FNF:0
FNH:0
BRDA:1,0,0,1
BRF:1
BRH:1
DA:1,1
DA:2,1
DA:3,1
DA:4,1
DA:5,1
DA:6,1
DA:7,1
DA:8,1
DA:9,1
DA:10,1
DA:11,1
LH:11
LF:11
end_of_record
SF:src\logger.js
FN:2,info
FN:5,error
FN:8,warn
FNDA:14,info
FNDA:0,error
FNDA:0,warn
FNF:3
FNH:1
BRDA:1,0,0,1
BRDA:2,1,0,14
BRF:2
BRH:2
DA:1,1
DA:2,1
DA:3,14
DA:4,1
DA:5,1
DA:6,0
DA:7,1
DA:8,1
DA:9,0
DA:10,0
DA:11,1
LH:8
LF:11
end_of_record
