TN:
SF:handler.js
FN:7,createResponse
FN:18,parseBody
FN:28,getUserId
FN:35,isAdmin
FN:57,handleGetUsers
FN:63,handleGetUser
FN:112,handleUpdateUser
FN:120,anonymous_7
FN:138,handleApiGatewayEvent
FN:150,handleSqsEvent
FN:209,handler
FNDA:17,createResponse
FNDA:5,parseBody
FNDA:9,getUserId
FNDA:4,isAdmin
FNDA:4,handleGetUsers
FNDA:5,handleGetUser
FNDA:5,handleUpdateUser
FNDA:8,anonymous_7
FNDA:16,handleApiGatewayEvent
FNDA:1,handleSqsEvent
FNDA:18,handler
FNF:11
FNH:11
BRDA:1,0,0,1
BRDA:7,1,0,17
BRDA:18,2,0,5
BRDA:19,3,0,0
BRDA:20,4,0,0
BRDA:23,5,0,1
BRDA:28,6,0,9
BRDA:29,7,0,8
BRDA:29,8,0,8
BRDA:29,9,0,1
BRDA:30,10,0,0
BRDA:30,11,0,0
BRDA:30,12,0,1
BRDA:32,13,0,0
BRDA:35,14,0,4
BRDA:37,15,0,1
BRDA:37,16,0,1
BRDA:38,17,0,0
BRDA:38,18,0,0
BRDA:41,19,0,2
BRDA:41,20,0,1
BRDA:41,21,0,3
BRDA:42,22,0,1
BRDA:44,23,0,2
BRDA:46,24,0,1
BRDA:52,25,0,0
BRDA:57,26,0,4
BRDA:58,27,0,2
BRDA:63,28,0,5
BRDA:66,29,0,4
BRDA:67,30,0,1
BRDA:68,31,0,0
BRDA:68,32,0,0
BRDA:70,33,0,0
BRDA:70,34,0,0
BRDA:71,35,0,0
BRDA:88,36,0,0
BRDA:102,37,0,0
BRDA:105,38,0,3
BRDA:107,39,0,1
BRDA:112,40,0,5
BRDA:114,41,0,1
BRDA:114,42,0,4
BRDA:117,43,0,0
BRDA:117,44,0,4
BRDA:121,45,0,2
BRDA:124,46,0,1
BRDA:128,47,0,0
BRDA:129,48,0,1
BRDA:130,49,0,1
BRDA:134,50,0,1
BRDA:120,51,0,8
BRDA:138,52,0,16
BRDA:139,53,0,0
BRDA:139,54,0,0
BRDA:139,55,0,0
BRDA:140,56,0,0
BRDA:140,57,0,0
BRDA:142,58,0,1
BRDA:142,59,0,15
BRDA:143,60,0,4
BRDA:143,61,0,4
BRDA:143,62,0,11
BRDA:144,63,0,10
BRDA:144,64,0,5
BRDA:144,65,0,6
BRDA:145,66,0,5
BRDA:145,67,0,5
BRDA:145,68,0,1
BRDA:150,69,0,1
BRDA:154,70,0,0
BRDA:155,71,0,0
BRDA:161,72,0,0
BRDA:168,73,0,0
BRDA:177,74,0,0
BRDA:201,75,0,0
BRDA:209,76,0,18
BRDA:213,77,0,1
BRDA:213,78,0,17
BRDA:216,79,0,1
BRDA:216,80,0,1
BRDA:216,81,0,1
BRDA:219,82,0,16
BRDA:222,83,0,0
BRF:84
BRH:55
DA:1,1
DA:2,1
DA:3,1
DA:4,1
DA:5,1
DA:6,1
DA:7,1
DA:8,17
DA:9,17
DA:10,17
DA:11,17
DA:12,17
DA:13,17
DA:14,17
DA:15,17
DA:16,1
DA:17,1
DA:18,1
DA:19,5
DA:20,5
DA:21,5
DA:22,5
DA:23,5
DA:24,1
DA:25,1
DA:26,1
DA:27,1
DA:28,1
DA:29,9
DA:30,9
DA:31,1
DA:32,9
DA:33,1
DA:34,1
DA:35,1
DA:36,4
DA:37,4
DA:38,4
DA:39,4
DA:40,4
DA:41,4
DA:42,4
DA:43,4
DA:44,4
DA:45,2
DA:46,4
DA:47,1
DA:48,1
DA:49,1
DA:50,1
DA:51,1
DA:52,1
DA:53,0
DA:54,0
DA:55,1
DA:56,1
DA:57,1
DA:58,4
DA:59,2
DA:60,2
DA:61,1
DA:62,1
DA:63,1
DA:64,5
DA:65,5
DA:66,5
DA:67,5
DA:68,1
DA:69,1
DA:70,1
DA:71,1
DA:72,0
DA:73,0
DA:74,0
DA:75,0
DA:76,0
DA:77,0
DA:78,0
DA:79,0
DA:80,0
DA:81,1
DA:82,1
DA:83,1
DA:84,1
DA:85,1
DA:86,1
DA:87,1
DA:88,1
DA:89,0
DA:90,0
DA:91,0
DA:92,1
DA:93,1
DA:94,1
DA:95,1
DA:96,1
DA:97,1
DA:98,1
DA:99,1
DA:100,1
DA:101,1
DA:102,1
DA:103,0
DA:104,0
DA:105,1
DA:106,3
DA:107,5
DA:108,1
DA:109,1
DA:110,1
DA:111,1
DA:112,1
DA:113,5
DA:114,5
DA:115,4
DA:116,4
DA:117,5
DA:118,4
DA:119,4
DA:120,4
DA:121,5
DA:122,2
DA:123,2
DA:124,5
DA:125,1
DA:126,1
DA:127,1
DA:128,5
DA:129,5
DA:130,5
DA:131,5
DA:132,5
DA:133,5
DA:134,5
DA:135,1
DA:136,1
DA:137,1
DA:138,1
DA:139,16
DA:140,16
DA:141,16
DA:142,16
DA:143,16
DA:144,16
DA:145,16
DA:146,1
DA:147,1
DA:148,1
DA:149,1
DA:150,1
DA:151,1
DA:152,1
DA:153,1
DA:154,1
DA:155,1
DA:156,0
DA:157,0
DA:158,0
DA:159,1
DA:160,1
DA:161,1
DA:162,1
DA:163,1
DA:164,1
DA:165,1
DA:166,1
DA:167,1
DA:168,1
DA:169,0
DA:170,0
DA:171,0
DA:172,1
DA:173,1
DA:174,1
DA:175,1
DA:176,1
DA:177,1
DA:178,1
DA:179,1
DA:180,1
DA:181,1
DA:182,1
DA:183,1
DA:184,1
DA:185,1
DA:186,1
DA:187,1
DA:188,1
DA:189,1
DA:190,1
DA:191,1
DA:192,1
DA:193,1
DA:194,1
DA:195,1
DA:196,1
DA:197,1
DA:198,1
DA:199,1
DA:200,1
DA:201,1
DA:202,0
DA:203,0
DA:204,0
DA:205,1
DA:206,1
DA:207,1
DA:208,1
DA:209,1
DA:210,18
DA:211,18
DA:212,18
DA:213,18
DA:214,17
DA:215,17
DA:216,18
DA:217,1
DA:218,1
DA:219,18
DA:220,16
DA:221,16
DA:222,18
DA:223,0
DA:224,0
DA:225,0
DA:226,1
LH:198
LF:226
end_of_record
SF:src\dynamodb.js
FNF:0
FNH:0
BRDA:1,0,0,1
BRF:1
BRH:1
DA:1,1
DA:2,1
DA:3,1
DA:4,1
DA:5,1
DA:6,1
DA:7,1
DA:8,1
DA:9,1
DA:10,1
DA:11,1
LH:11
LF:11
end_of_record
SF:src\logger.js
FN:2,info
FN:5,error
FN:8,warn
FNDA:20,info
FNDA:0,error
FNDA:0,warn
FNF:3
FNH:1
BRDA:1,0,0,1
BRDA:2,1,0,20
BRF:2
BRH:2
DA:1,1
DA:2,1
DA:3,20
DA:4,1
DA:5,1
DA:6,0
DA:7,1
DA:8,1
DA:9,0
DA:10,0
DA:11,1
LH:8
LF:11
end_of_record
