TN:
SF:handler.js
FN:9,createResponse
FN:20,parseBody
FN:30,getProductId
FN:37,handleGetInventoryAll
FN:47,handleGetInventoryItem
FN:56,handleAdjustInventory
FN:76,handleUpdateInventory
FN:105,handleApiGatewayEvent
FN:119,processOrderCreated
FN:158,processProductCreated
FN:172,processProductDeleted
FN:195,processPaymentSucceeded
FN:231,handleSqsEvent
FN:247,handler
FNDA:19,createResponse
FNDA:8,parseBody
FNDA:10,getProductId
FNDA:2,handleGetInventoryAll
FNDA:5,handleGetInventoryItem
FNDA:4,handleAdjustInventory
FNDA:5,handleUpdateInventory
FNDA:18,handleApiGatewayEvent
FNDA:5,processOrderCreated
FNDA:1,processProductCreated
FNDA:4,processProductDeleted
FNDA:4,processPaymentSucceeded
FNDA:14,handleSqsEvent
FNDA:33,handler
FNF:14
FNH:14
BRDA:1,0,0,1
BRDA:9,1,0,19
BRDA:20,2,0,8
BRDA:21,3,0,0
BRDA:22,4,0,0
BRDA:25,5,0,1
BRDA:30,6,0,10
BRDA:31,7,0,6
BRDA:31,8,0,6
BRDA:31,9,0,4
BRDA:32,10,0,0
BRDA:32,11,0,0
BRDA:32,12,0,4
BRDA:34,13,0,2
BRDA:34,14,0,2
BRDA:37,15,0,2
BRDA:39,16,0,1
BRDA:40,17,0,0
BRDA:40,18,0,0
BRDA:41,19,0,1
BRDA:47,20,0,5
BRDA:49,21,0,1
BRDA:49,22,0,4
BRDA:51,23,0,3
BRDA:52,24,0,1
BRDA:52,25,0,2
BRDA:56,26,0,4
BRDA:58,27,0,1
BRDA:58,28,0,3
BRDA:61,29,0,2
BRDA:61,30,0,2
BRDA:63,31,0,1
BRDA:76,32,0,5
BRDA:78,33,0,1
BRDA:78,34,0,4
BRDA:81,35,0,0
BRDA:81,36,0,4
BRDA:84,37,0,2
BRDA:84,38,0,2
BRDA:89,39,0,1
BRDA:93,40,0,0
BRDA:94,41,0,1
BRDA:98,42,0,1
BRDA:100,43,0,0
BRDA:100,44,0,1
BRDA:105,45,0,18
BRDA:106,46,0,0
BRDA:106,47,0,0
BRDA:106,48,0,0
BRDA:107,49,0,0
BRDA:107,50,0,0
BRDA:109,51,0,1
BRDA:109,52,0,17
BRDA:111,53,0,2
BRDA:111,54,0,2
BRDA:111,55,0,15
BRDA:112,56,0,14
BRDA:112,57,0,10
BRDA:112,58,0,5
BRDA:112,59,0,10
BRDA:113,60,0,4
BRDA:113,61,0,4
BRDA:113,62,0,6
BRDA:114,63,0,5
BRDA:114,64,0,5
BRDA:114,65,0,1
BRDA:119,66,0,5
BRDA:123,67,0,1
BRDA:126,68,0,4
BRDA:129,69,0,3
BRDA:129,70,0,1
BRDA:132,71,0,3
BRDA:141,72,0,1
BRDA:144,73,0,0
BRDA:146,74,0,2
BRDA:147,75,0,1
BRDA:149,76,0,0
BRDA:150,77,0,1
BRDA:155,78,0,3
BRDA:158,79,0,1
BRDA:172,80,0,4
BRDA:174,81,0,1
BRDA:177,82,0,3
BRDA:181,83,0,2
BRDA:182,84,0,1
BRDA:195,85,0,4
BRDA:198,86,0,1
BRDA:201,87,0,3
BRDA:205,88,0,1
BRDA:205,89,0,2
BRDA:210,90,0,1
BRDA:231,91,0,14
BRDA:233,92,0,0
BRDA:235,93,0,0
BRDA:240,94,0,5
BRDA:240,95,0,13
BRDA:241,96,0,1
BRDA:241,97,0,13
BRDA:242,98,0,4
BRDA:242,99,0,12
BRDA:243,100,0,4
BRDA:244,101,0,11
BRDA:247,102,0,33
BRDA:251,103,0,1
BRDA:251,104,0,32
BRDA:255,105,0,14
BRDA:256,106,0,14
BRDA:260,107,0,14
BRDA:260,108,0,14
BRDA:260,109,0,14
BRDA:261,110,0,11
BRDA:263,111,0,18
BRDA:268,112,0,4
BRDA:271,113,0,3
BRDA:271,114,0,1
BRF:115
BRH:97
DA:1,1
DA:2,1
DA:3,1
DA:4,1
DA:5,1
DA:6,1
DA:7,1
DA:8,1
DA:9,1
DA:10,19
DA:11,19
DA:12,19
DA:13,19
DA:14,19
DA:15,19
DA:16,19
DA:17,19
DA:18,1
DA:19,1
DA:20,1
DA:21,8
DA:22,8
DA:23,8
DA:24,8
DA:25,8
DA:26,1
DA:27,1
DA:28,1
DA:29,1
DA:30,1
DA:31,10
DA:32,10
DA:33,4
DA:34,10
DA:35,1
DA:36,1
DA:37,1
DA:38,2
DA:39,2
DA:40,2
DA:41,2
DA:42,1
DA:43,1
DA:44,1
DA:45,1
DA:46,1
DA:47,1
DA:48,5
DA:49,5
DA:50,4
DA:51,4
DA:52,5
DA:53,2
DA:54,1
DA:55,1
DA:56,1
DA:57,4
DA:58,4
DA:59,3
DA:60,3
DA:61,4
DA:62,2
DA:63,2
DA:64,1
DA:65,1
DA:66,1
DA:67,1
DA:68,1
DA:69,1
DA:70,1
DA:71,1
DA:72,1
DA:73,1
DA:74,1
DA:75,1
DA:76,1
DA:77,5
DA:78,5
DA:79,4
DA:80,4
DA:81,5
DA:82,4
DA:83,4
DA:84,5
DA:85,2
DA:86,2
DA:87,2
DA:88,2
DA:89,5
DA:90,1
DA:91,1
DA:92,1
DA:93,5
DA:94,5
DA:95,5
DA:96,5
DA:97,5
DA:98,5
DA:99,1
DA:100,5
DA:101,1
DA:102,1
DA:103,1
DA:104,1
DA:105,1
DA:106,18
DA:107,18
DA:108,18
DA:109,18
DA:110,17
DA:111,18
DA:112,18
DA:113,18
DA:114,18
DA:115,1
DA:116,1
DA:117,1
DA:118,1
DA:119,1
DA:120,5
DA:121,5
DA:122,5
DA:123,5
DA:124,1
DA:125,1
DA:126,1
DA:127,4
DA:128,4
DA:129,4
DA:130,1
DA:131,1
DA:132,1
DA:133,3
DA:134,3
DA:135,3
DA:136,3
DA:137,3
DA:138,3
DA:139,3
DA:140,3
DA:141,3
DA:142,1
DA:143,1
DA:144,4
DA:145,4
DA:146,4
DA:147,2
DA:148,1
DA:149,1
DA:150,2
DA:151,1
DA:152,1
DA:153,1
DA:154,2
DA:155,4
DA:156,1
DA:157,1
DA:158,1
DA:159,1
DA:160,1
DA:161,1
DA:162,1
DA:163,1
DA:164,1
DA:165,1
DA:166,1
DA:167,1
DA:168,1
DA:169,1
DA:170,1
DA:171,1
DA:172,1
DA:173,4
DA:174,4
DA:175,1
DA:176,1
DA:177,1
DA:178,3
DA:179,3
DA:180,3
DA:181,3
DA:182,4
DA:183,1
DA:184,1
DA:185,1
DA:186,1
DA:187,1
DA:188,1
DA:189,1
DA:190,1
DA:191,1
DA:192,1
DA:193,1
DA:194,1
DA:195,1
DA:196,4
DA:197,4
DA:198,4
DA:199,1
DA:200,1
DA:201,1
DA:202,3
DA:203,3
DA:204,3
DA:205,4
DA:206,2
DA:207,2
DA:208,2
DA:209,2
DA:210,4
DA:211,1
DA:212,1
DA:213,1
DA:214,1
DA:215,1
DA:216,1
DA:217,1
DA:218,1
DA:219,1
DA:220,1
DA:221,1
DA:222,1
DA:223,1
DA:224,1
DA:225,1
DA:226,1
DA:227,1
DA:228,1
DA:229,1
DA:230,1
DA:231,1
DA:232,14
DA:233,14
DA:234,14
DA:235,14
DA:236,14
DA:237,14
DA:238,14
DA:239,14
DA:240,14
DA:241,14
DA:242,14
DA:243,14
DA:244,14
DA:245,1
DA:246,1
DA:247,1
DA:248,33
DA:249,33
DA:250,33
DA:251,33
DA:252,32
DA:253,32
DA:254,32
DA:255,33
DA:256,33
DA:257,33
DA:258,33
DA:259,33
DA:260,33
DA:261,14
DA:262,11
DA:263,33
DA:264,18
DA:265,18
DA:266,18
DA:267,18
DA:268,33
DA:269,4
DA:270,4
DA:271,4
DA:272,1
DA:273,1
DA:274,1
LH:274
LF:274
end_of_record
SF:src\dynamodb.js
FNF:0
FNH:0
BRDA:1,0,0,1
BRF:1
BRH:1
DA:1,1
DA:2,1
DA:3,1
DA:4,1
DA:5,1
DA:6,1
DA:7,1
DA:8,1
DA:9,1
DA:10,1
DA:11,1
LH:11
LF:11
end_of_record
SF:src\logger.js
FN:2,info
FN:5,error
FN:8,warn
FNDA:97,info
FNDA:9,error
FNDA:7,warn
FNF:3
FNH:3
BRDA:1,0,0,1
BRDA:2,1,0,97
BRDA:5,2,0,9
BRDA:8,3,0,7
BRF:4
BRH:4
DA:1,1
DA:2,1
DA:3,97
DA:4,1
DA:5,1
DA:6,9
DA:7,1
DA:8,1
DA:9,7
DA:10,7
DA:11,1
LH:11
LF:11
end_of_record
SF:src\sns.js
FN:6,publishEvent
FNDA:2,publishEvent
FNF:1
FNH:1
BRDA:1,0,0,1
BRDA:6,1,0,2
BRDA:15,2,0,1
BRF:3
BRH:3
DA:1,1
DA:2,1
DA:3,1
DA:4,1
DA:5,1
DA:6,1
DA:7,2
DA:8,2
DA:9,2
DA:10,2
DA:11,2
DA:12,2
DA:13,2
DA:14,2
DA:15,2
DA:16,1
DA:17,1
DA:18,1
DA:19,1
DA:20,1
DA:21,1
DA:22,1
LH:22
LF:22
end_of_record
