TN:
SF:handler.js
FN:9,createResponse
FN:20,parseBody
FN:30,getProductId
FN:37,handleApiGatewayEvent
FN:196,handleSqsEvent
FN:394,handler
FNDA:16,createResponse
FNDA:7,parseBody
FNDA:8,getProductId
FNDA:15,handleApiGatewayEvent
FNDA:14,handleSqsEvent
FNDA:30,handler
FNF:6
FNH:6
BRDA:1,0,0,1
BRDA:9,1,0,16
BRDA:20,2,0,7
BRDA:21,3,0,0
BRDA:22,4,0,0
BRDA:25,5,0,0
BRDA:30,6,0,8
BRDA:31,7,0,6
BRDA:31,8,0,6
BRDA:31,9,0,2
BRDA:32,10,0,0
BRDA:32,11,0,0
BRDA:32,12,0,2
BRDA:34,13,0,0
BRDA:34,14,0,2
BRDA:37,15,0,15
BRDA:38,16,0,0
BRDA:38,17,0,0
BRDA:38,18,0,0
BRDA:39,19,0,0
BRDA:39,20,0,0
BRDA:41,21,0,1
BRDA:41,22,0,14
BRDA:44,23,0,2
BRDA:44,24,0,2
BRDA:50,25,0,1
BRDA:54,26,0,0
BRDA:55,27,0,0
BRDA:57,28,0,1
BRDA:67,29,0,12
BRDA:70,30,0,11
BRDA:70,31,0,8
BRDA:70,32,0,3
BRDA:72,33,0,1
BRDA:72,34,0,2
BRDA:75,35,0,1
BRDA:77,36,0,9
BRDA:80,37,0,3
BRDA:80,38,0,3
BRDA:84,39,0,0
BRDA:90,40,0,2
BRDA:90,41,0,2
BRDA:92,42,0,1
BRDA:107,43,0,6
BRDA:110,44,0,5
BRDA:110,45,0,5
BRDA:113,46,0,1
BRDA:118,47,0,4
BRDA:124,48,0,0
BRDA:129,49,0,4
BRDA:137,50,0,2
BRDA:139,51,0,2
BRDA:157,52,0,1
BRDA:167,53,0,0
BRDA:169,54,0,1
BRDA:178,55,0,1
BRDA:180,56,0,0
BRDA:184,57,0,1
BRDA:191,58,0,1
BRDA:196,59,0,14
BRDA:198,60,0,0
BRDA:202,61,0,0
BRDA:211,62,0,5
BRDA:215,63,0,1
BRDA:218,64,0,4
BRDA:221,65,0,3
BRDA:221,66,0,1
BRDA:224,67,0,3
BRDA:237,68,0,1
BRDA:240,69,0,0
BRDA:242,70,0,2
BRDA:243,71,0,1
BRDA:245,72,0,0
BRDA:246,73,0,1
BRDA:251,74,0,3
BRDA:252,75,0,12
BRDA:254,76,0,1
BRDA:268,77,0,12
BRDA:270,78,0,4
BRDA:273,79,0,1
BRDA:276,80,0,3
BRDA:289,81,0,2
BRDA:291,82,0,1
BRDA:315,83,0,9
BRDA:317,84,0,4
BRDA:323,85,0,1
BRDA:326,86,0,3
BRDA:334,87,0,1
BRDA:338,88,0,2
BRDA:344,89,0,1
BRDA:391,90,0,11
BRDA:394,91,0,30
BRDA:398,92,0,1
BRDA:398,93,0,29
BRDA:402,94,0,14
BRDA:403,95,0,14
BRDA:407,96,0,14
BRDA:407,97,0,14
BRDA:407,98,0,14
BRDA:408,99,0,11
BRDA:410,100,0,15
BRDA:415,101,0,3
BRDA:418,102,0,0
BRF:103
BRH:81
DA:1,1
DA:2,1
DA:3,1
DA:4,1
DA:5,1
DA:6,1
DA:7,1
DA:8,1
DA:9,1
DA:10,16
DA:11,16
DA:12,16
DA:13,16
DA:14,16
DA:15,16
DA:16,16
DA:17,16
DA:18,1
DA:19,1
DA:20,1
DA:21,7
DA:22,7
DA:23,7
DA:24,7
DA:25,7
DA:26,0
DA:27,0
DA:28,1
DA:29,1
DA:30,1
DA:31,8
DA:32,8
DA:33,2
DA:34,8
DA:35,1
DA:36,1
DA:37,1
DA:38,15
DA:39,15
DA:40,15
DA:41,15
DA:42,14
DA:43,14
DA:44,15
DA:45,2
DA:46,2
DA:47,2
DA:48,2
DA:49,2
DA:50,2
DA:51,1
DA:52,1
DA:53,1
DA:54,2
DA:55,2
DA:56,2
DA:57,2
DA:58,1
DA:59,1
DA:60,1
DA:61,1
DA:62,1
DA:63,1
DA:64,1
DA:65,1
DA:66,1
DA:67,2
DA:68,12
DA:69,12
DA:70,15
DA:71,3
DA:72,3
DA:73,2
DA:74,2
DA:75,3
DA:76,1
DA:77,1
DA:78,9
DA:79,9
DA:80,15
DA:81,3
DA:82,3
DA:83,3
DA:84,3
DA:85,0
DA:86,0
DA:87,3
DA:88,3
DA:89,3
DA:90,3
DA:91,2
DA:92,2
DA:93,1
DA:94,1
DA:95,1
DA:96,1
DA:97,1
DA:98,1
DA:99,1
DA:100,1
DA:101,1
DA:102,1
DA:103,1
DA:104,1
DA:105,1
DA:106,1
DA:107,1
DA:108,6
DA:109,6
DA:110,15
DA:111,5
DA:112,5
DA:113,5
DA:114,1
DA:115,1
DA:116,1
DA:117,1
DA:118,1
DA:119,4
DA:120,4
DA:121,4
DA:122,4
DA:123,4
DA:124,5
DA:125,0
DA:126,0
DA:127,0
DA:128,0
DA:129,0
DA:130,4
DA:131,4
DA:132,4
DA:133,4
DA:134,4
DA:135,4
DA:136,4
DA:137,5
DA:138,2
DA:139,5
DA:140,2
DA:141,2
DA:142,2
DA:143,2
DA:144,2
DA:145,2
DA:146,2
DA:147,2
DA:148,2
DA:149,2
DA:150,2
DA:151,2
DA:152,2
DA:153,2
DA:154,2
DA:155,2
DA:156,2
DA:157,5
DA:158,1
DA:159,1
DA:160,1
DA:161,1
DA:162,1
DA:163,1
DA:164,1
DA:165,1
DA:166,1
DA:167,5
DA:168,5
DA:169,5
DA:170,5
DA:171,5
DA:172,5
DA:173,5
DA:174,5
DA:175,5
DA:176,5
DA:177,5
DA:178,5
DA:179,1
DA:180,5
DA:181,0
DA:182,0
DA:183,0
DA:184,0
DA:185,1
DA:186,1
DA:187,1
DA:188,1
DA:189,1
DA:190,1
DA:191,1
DA:192,1
DA:193,1
DA:194,1
DA:195,1
DA:196,1
DA:197,14
DA:198,14
DA:199,14
DA:200,14
DA:201,14
DA:202,14
DA:203,14
DA:204,14
DA:205,14
DA:206,14
DA:207,14
DA:208,14
DA:209,14
DA:210,14
DA:211,14
DA:212,5
DA:213,5
DA:214,5
DA:215,5
DA:216,1
DA:217,1
DA:218,1
DA:219,4
DA:220,4
DA:221,4
DA:222,1
DA:223,1
DA:224,1
DA:225,3
DA:226,3
DA:227,3
DA:228,3
DA:229,3
DA:230,3
DA:231,3
DA:232,3
DA:233,3
DA:234,3
DA:235,3
DA:236,3
DA:237,3
DA:238,1
DA:239,1
DA:240,4
DA:241,4
DA:242,4
DA:243,2
DA:244,1
DA:245,1
DA:246,2
DA:247,1
DA:248,1
DA:249,1
DA:250,2
DA:251,4
DA:252,3
DA:253,12
DA:254,14
DA:255,1
DA:256,1
DA:257,1
DA:258,1
DA:259,1
DA:260,1
DA:261,1
DA:262,1
DA:263,1
DA:264,1
DA:265,1
DA:266,1
DA:267,1
DA:268,1
DA:269,12
DA:270,14
DA:271,4
DA:272,4
DA:273,4
DA:274,1
DA:275,1
DA:276,1
DA:277,3
DA:278,3
DA:279,3
DA:280,3
DA:281,3
DA:282,3
DA:283,3
DA:284,3
DA:285,3
DA:286,3
DA:287,3
DA:288,3
DA:289,3
DA:290,2
DA:291,4
DA:292,1
DA:293,1
DA:294,1
DA:295,1
DA:296,1
DA:297,1
DA:298,1
DA:299,1
DA:300,1
DA:301,1
DA:302,1
DA:303,1
DA:304,1
DA:305,1
DA:306,1
DA:307,1
DA:308,1
DA:309,1
DA:310,1
DA:311,1
DA:312,1
DA:313,1
DA:314,1
DA:315,4
DA:316,9
DA:317,14
DA:318,4
DA:319,4
DA:320,4
DA:321,4
DA:322,4
DA:323,4
DA:324,1
DA:325,1
DA:326,1
DA:327,3
DA:328,3
DA:329,3
DA:330,3
DA:331,3
DA:332,3
DA:333,3
DA:334,4
DA:335,1
DA:336,1
DA:337,1
DA:338,1
DA:339,2
DA:340,2
DA:341,2
DA:342,2
DA:343,2
DA:344,4
DA:345,1
DA:346,1
DA:347,1
DA:348,1
DA:349,1
DA:350,1
DA:351,1
DA:352,1
DA:353,1
DA:354,1
DA:355,1
DA:356,1
DA:357,1
DA:358,1
DA:359,1
DA:360,1
DA:361,1
DA:362,1
DA:363,1
DA:364,1
DA:365,1
DA:366,1
DA:367,1
DA:368,1
DA:369,1
DA:370,1
DA:371,1
DA:372,1
DA:373,1
DA:374,1
DA:375,1
DA:376,1
DA:377,1
DA:378,1
DA:379,1
DA:380,1
DA:381,1
DA:382,1
DA:383,1
DA:384,1
DA:385,1
DA:386,1
DA:387,1
DA:388,1
DA:389,1
DA:390,4
DA:391,14
DA:392,1
DA:393,1
DA:394,1
DA:395,30
DA:396,30
DA:397,30
DA:398,30
DA:399,29
DA:400,29
DA:401,29
DA:402,30
DA:403,30
DA:404,30
DA:405,30
DA:406,30
DA:407,30
DA:408,14
DA:409,11
DA:410,30
DA:411,15
DA:412,15
DA:413,15
DA:414,15
DA:415,30
DA:416,3
DA:417,3
DA:418,3
DA:419,0
DA:420,0
DA:421,1
LH:406
LF:421
end_of_record
SF:src\dynamodb.js
FNF:0
FNH:0
BRDA:1,0,0,1
BRF:1
BRH:1
DA:1,1
DA:2,1
DA:3,1
DA:4,1
DA:5,1
DA:6,1
DA:7,1
DA:8,1
DA:9,1
DA:10,1
DA:11,1
LH:11
LF:11
end_of_record
SF:src\logger.js
FN:2,info
FN:5,error
FN:8,warn
FNDA:91,info
FNDA:8,error
FNDA:7,warn
FNF:3
FNH:3
BRDA:1,0,0,1
BRDA:2,1,0,91
BRDA:5,2,0,8
BRDA:8,3,0,7
BRF:4
BRH:4
DA:1,1
DA:2,1
DA:3,91
DA:4,1
DA:5,1
DA:6,8
DA:7,1
DA:8,1
DA:9,7
DA:10,7
DA:11,1
LH:11
LF:11
end_of_record
SF:src\sns.js
FN:6,publishEvent
FNDA:2,publishEvent
FNF:1
FNH:1
BRDA:1,0,0,1
BRDA:6,1,0,2
BRDA:15,2,0,1
BRF:3
BRH:3
DA:1,1
DA:2,1
DA:3,1
DA:4,1
DA:5,1
DA:6,1
DA:7,2
DA:8,2
DA:9,2
DA:10,2
DA:11,2
DA:12,2
DA:13,2
DA:14,2
DA:15,2
DA:16,1
DA:17,1
DA:18,1
DA:19,1
DA:20,1
DA:21,1
DA:22,1
LH:22
LF:22
end_of_record
